"../../../Engine/Content/EngineResources/DefaultTexture.ubulk" 0
"../../../Engine/Content/EngineResources/DefaultTexture.uasset" 1
"../../../Engine/Content/EngineResources/DefaultTexture.uexp" 2
"../../../Engine/Content/EngineResources/DefaultTextureCube.uasset" 3
"../../../Engine/Content/EngineResources/DefaultTextureCube.uexp" 4
"../../../Engine/Content/EngineResources/DefaultVolumeTexture2D.uasset" 5
"../../../Engine/Content/EngineResources/DefaultVolumeTexture2D.uexp" 6
"../../../Engine/Content/EngineResources/DefaultVolumeTexture.uasset" 7
"../../../Engine/Content/EngineResources/DefaultVolumeTexture.uexp" 8
"../../../Engine/Content/EngineMeshes/Sphere.ubulk" 9
"../../../Engine/Content/EngineMeshes/Sphere.uasset" 10
"../../../Engine/Content/EngineMeshes/Sphere.uexp" 11
"../../../Engine/Content/EngineResources/GradientTexture0.uasset" 12
"../../../Engine/Content/EngineResources/GradientTexture0.uexp" 13
"../../../Engine/Content/EngineResources/Black.uasset" 14
"../../../Engine/Content/EngineResources/Black.uexp" 15
"../../../Engine/Content/EngineMaterials/T_Default_Material_Grid_M.ubulk" 16
"../../../Engine/Content/EngineMaterials/T_Default_Material_Grid_M.uasset" 17
"../../../Engine/Content/EngineMaterials/T_Default_Material_Grid_M.uexp" 18
"../../../Engine/Content/EngineMaterials/T_Default_Material_Grid_N.ubulk" 19
"../../../Engine/Content/EngineMaterials/T_Default_Material_Grid_N.uasset" 20
"../../../Engine/Content/EngineMaterials/T_Default_Material_Grid_N.uexp" 21
"../../../Engine/Content/Functions/Engine_MaterialFunctions01/Opacity/CameraDepthFade.uasset" 22
"../../../Engine/Content/Functions/Engine_MaterialFunctions01/Opacity/CameraDepthFade.uexp" 23
"../../../Engine/Content/EngineMaterials/WorldGridMaterial.uasset" 24
"../../../Engine/Content/EngineMaterials/WorldGridMaterial.uexp" 25
"../../../Engine/Content/ArtTools/RenderToTexture/Meshes/S_1_Unit_Plane.ubulk" 26
"../../../Engine/Content/ArtTools/RenderToTexture/Meshes/S_1_Unit_Plane.uasset" 27
"../../../Engine/Content/ArtTools/RenderToTexture/Meshes/S_1_Unit_Plane.uexp" 28
"../../../Engine/Plugins/Media/MediaPlate/Content/SM_MediaPlateScreen.ubulk" 29
"../../../Engine/Plugins/Media/MediaPlate/Content/SM_MediaPlateScreen.uasset" 30
"../../../Engine/Plugins/Media/MediaPlate/Content/SM_MediaPlateScreen.uexp" 31
"../../../Engine/Content/EngineMaterials/DefaultBokeh.uasset" 32
"../../../Engine/Content/EngineMaterials/DefaultBokeh.uexp" 33
"../../../Engine/Content/EngineMaterials/MiniFont.uasset" 34
"../../../Engine/Content/EngineMaterials/MiniFont.uexp" 35
"../../../Engine/Content/EngineMaterials/WeightMapPlaceholderTexture.uasset" 36
"../../../Engine/Content/EngineMaterials/WeightMapPlaceholderTexture.uexp" 37
"../../../Engine/Content/EngineMaterials/WeightMapArrayPlaceholderTexture.uasset" 38
"../../../Engine/Content/EngineMaterials/WeightMapArrayPlaceholderTexture.uexp" 39
"../../../Engine/Content/EngineMaterials/DefaultWhiteGrid.ubulk" 40
"../../../Engine/Content/EngineMaterials/DefaultWhiteGrid.uasset" 41
"../../../Engine/Content/EngineMaterials/DefaultWhiteGrid.uexp" 42
"../../../Engine/Content/EngineMaterials/PreintegratedSkinBRDF.uasset" 43
"../../../Engine/Content/EngineMaterials/PreintegratedSkinBRDF.uexp" 44
"../../../Engine/Content/Functions/Engine_MaterialFunctions02/WorldPositionOffset/CameraOffset.uasset" 45
"../../../Engine/Content/Functions/Engine_MaterialFunctions02/WorldPositionOffset/CameraOffset.uexp" 46
"../../../Engine/Plugins/Animation/ControlRig/Content/M_Manip.uasset" 47
"../../../Engine/Plugins/Animation/ControlRig/Content/M_Manip.uexp" 48
"../../../Engine/Plugins/Animation/ACLPlugin/Content/ACLAnimCurveCompressionSettings.uasset" 49
"../../../Engine/Plugins/Animation/ACLPlugin/Content/ACLAnimCurveCompressionSettings.uexp" 50
"../../../Engine/Plugins/Animation/ACLPlugin/Content/ACLAnimBoneCompressionSettings.uasset" 51
"../../../Engine/Plugins/Animation/ACLPlugin/Content/ACLAnimBoneCompressionSettings.uexp" 52
"../../../Engine/Plugins/2D/Paper2D/Content/PlaceholderTextures/DummySpriteTexture.ubulk" 53
"../../../Engine/Plugins/2D/Paper2D/Content/PlaceholderTextures/DummySpriteTexture.uasset" 54
"../../../Engine/Plugins/2D/Paper2D/Content/PlaceholderTextures/DummySpriteTexture.uexp" 55
"../../../Engine/Plugins/2D/Paper2D/Content/DefaultSpriteMaterial.uasset" 56
"../../../Engine/Plugins/2D/Paper2D/Content/DefaultSpriteMaterial.uexp" 57
"../../../Engine/Plugins/2D/Paper2D/Content/OpaqueUnlitSpriteMaterial.uasset" 58
"../../../Engine/Plugins/2D/Paper2D/Content/OpaqueUnlitSpriteMaterial.uexp" 59
"../../../Engine/Plugins/2D/Paper2D/Content/MaskedUnlitSpriteMaterial.uasset" 60
"../../../Engine/Plugins/2D/Paper2D/Content/MaskedUnlitSpriteMaterial.uexp" 61
"../../../Engine/Plugins/2D/Paper2D/Content/DummySprite.uasset" 62
"../../../Engine/Plugins/2D/Paper2D/Content/DummySprite.uexp" 63
"../../../Engine/Plugins/2D/Paper2D/Content/DefaultPaperTerrainMaterial.uasset" 64
"../../../Engine/Plugins/2D/Paper2D/Content/DefaultPaperTerrainMaterial.uexp" 65
"../../../Engine/Content/Functions/Engine_MaterialFunctions02/Utility/CameraDirectionVector.uasset" 66
"../../../Engine/Content/Functions/Engine_MaterialFunctions02/Utility/CameraDirectionVector.uexp" 67
"../../../Engine/Content/Functions/Engine_MaterialFunctions01/Volumetrics/BeersLaw.uasset" 68
"../../../Engine/Content/Functions/Engine_MaterialFunctions01/Volumetrics/BeersLaw.uexp" 69
"../../../Engine/Content/EngineMaterials/Good64x64TilingNoiseHighFreq.uasset" 70
"../../../Engine/Content/EngineMaterials/Good64x64TilingNoiseHighFreq.uexp" 71
"../../../Engine/Content/Functions/Engine_MaterialFunctions02/Texturing/ScreenAlignedPixelToPixelUVs.uasset" 72
"../../../Engine/Content/Functions/Engine_MaterialFunctions02/Texturing/ScreenAlignedPixelToPixelUVs.uexp" 73
"../../../Engine/Content/Functions/Engine_MaterialFunctions02/Utility/BreakOutFloat3Components.uasset" 74
"../../../Engine/Content/Functions/Engine_MaterialFunctions02/Utility/BreakOutFloat3Components.uexp" 75
"../../../Engine/Content/Functions/Engine_MaterialFunctions03/Math/RemapValueRange.uasset" 76
"../../../Engine/Content/Functions/Engine_MaterialFunctions03/Math/RemapValueRange.uexp" 77
"../../../Engine/Plugins/Editor/SpeedTreeImporter/Content/SpeedTree9/game_wind_noise.ubulk" 78
"../../../Engine/Plugins/Editor/SpeedTreeImporter/Content/SpeedTree9/game_wind_noise.uasset" 79
"../../../Engine/Plugins/Editor/SpeedTreeImporter/Content/SpeedTree9/game_wind_noise.uexp" 80
"../../../Engine/Plugins/Editor/SpeedTreeImporter/Content/SpeedTree9/UnpackDirection.uasset" 81
"../../../Engine/Plugins/Editor/SpeedTreeImporter/Content/SpeedTree9/UnpackDirection.uexp" 82
"../../../Engine/Content/Functions/Engine_MaterialFunctions02/ObjectLocalBounds.uasset" 83
"../../../Engine/Content/Functions/Engine_MaterialFunctions02/ObjectLocalBounds.uexp" 84
"../../../Engine/Content/Functions/Engine_MaterialFunctions02/UVs/BoundingBoxBased_0-1_UVW.uasset" 85
"../../../Engine/Content/Functions/Engine_MaterialFunctions02/UVs/BoundingBoxBased_0-1_UVW.uexp" 86
"../../../Engine/Content/Functions/Engine_MaterialFunctions02/Utility/VectorLength.uasset" 87
"../../../Engine/Content/Functions/Engine_MaterialFunctions02/Utility/VectorLength.uexp" 88
"../../../Engine/Plugins/Editor/SpeedTreeImporter/Content/SpeedTree9/UnpackInteger3.uasset" 89
"../../../Engine/Plugins/Editor/SpeedTreeImporter/Content/SpeedTree9/UnpackInteger3.uexp" 90
"../../../Engine/Plugins/Editor/SpeedTreeImporter/Content/SpeedTree9/SpeedTreeCameraFacing.uasset" 91
"../../../Engine/Plugins/Editor/SpeedTreeImporter/Content/SpeedTree9/SpeedTreeCameraFacing.uexp" 92
"../../../Engine/Content/Functions/Engine_MaterialFunctions02/WorldPositionOffset/ObjectScale.uasset" 93
"../../../Engine/Content/Functions/Engine_MaterialFunctions02/WorldPositionOffset/ObjectScale.uexp" 94
"../../../Engine/Content/Functions/Engine_MaterialFunctions02/SafeNormalize.uasset" 95
"../../../Engine/Content/Functions/Engine_MaterialFunctions02/SafeNormalize.uexp" 96
"../../../Engine/Plugins/Editor/SpeedTreeImporter/Content/SpeedTree9/SpeedTreeWindMotion.uasset" 97
"../../../Engine/Plugins/Editor/SpeedTreeImporter/Content/SpeedTree9/SpeedTreeWindMotion.uexp" 98
"../../../Engine/Plugins/Editor/SpeedTreeImporter/Content/SpeedTree9/SpeedTreeBranchMotion.uasset" 99
"../../../Engine/Plugins/Editor/SpeedTreeImporter/Content/SpeedTree9/SpeedTreeBranchMotion.uexp" 100
"../../../Engine/Plugins/Editor/SpeedTreeImporter/Content/SpeedTree9/SpeedTreeWind.uasset" 101
"../../../Engine/Plugins/Editor/SpeedTreeImporter/Content/SpeedTree9/SpeedTreeWind.uexp" 102
"../../../Engine/Plugins/Editor/SpeedTreeImporter/Content/SpeedTree9/EmptyNormal.uasset" 103
"../../../Engine/Plugins/Editor/SpeedTreeImporter/Content/SpeedTree9/EmptyNormal.uexp" 104
"../../../Engine/Plugins/Editor/SpeedTreeImporter/Content/SpeedTree9/Empty.uasset" 105
"../../../Engine/Plugins/Editor/SpeedTreeImporter/Content/SpeedTree9/Empty.uexp" 106
"../../../Engine/Plugins/Editor/SpeedTreeImporter/Content/SpeedTree9/SpeedTreeMaster.uasset" 107
"../../../Engine/Plugins/Editor/SpeedTreeImporter/Content/SpeedTree9/SpeedTreeMaster.uexp" 108
"../../../Engine/Plugins/Editor/SpeedTreeImporter/Content/SpeedTree9/SpeedTreeBillboard.uasset" 109
"../../../Engine/Plugins/Editor/SpeedTreeImporter/Content/SpeedTree9/SpeedTreeBillboard.uexp" 110
"../../../Engine/Plugins/Editor/SpeedTreeImporter/Content/SpeedTree9/SpeedTreeBillboardMaster.uasset" 111
"../../../Engine/Plugins/Editor/SpeedTreeImporter/Content/SpeedTree9/SpeedTreeBillboardMaster.uexp" 112
"../../../Engine/Plugins/Animation/ControlRig/Content/Controls/DefaultGizmoLibraryNormalized.uasset" 113
"../../../Engine/Plugins/Animation/ControlRig/Content/Controls/DefaultGizmoLibraryNormalized.uexp" 114
"../../../Engine/Plugins/Animation/ControlRig/Content/Controls/ControlRig_Wedge_solid.ubulk" 115
"../../../Engine/Plugins/Animation/ControlRig/Content/Controls/ControlRig_Wedge_solid.uasset" 116
"../../../Engine/Plugins/Animation/ControlRig/Content/Controls/ControlRig_Wedge_solid.uexp" 117
"../../../Engine/Plugins/Animation/ControlRig/Content/Controls/ControlRig_Wedge_3mm.ubulk" 118
"../../../Engine/Plugins/Animation/ControlRig/Content/Controls/ControlRig_Wedge_3mm.uasset" 119
"../../../Engine/Plugins/Animation/ControlRig/Content/Controls/ControlRig_Wedge_3mm.uexp" 120
"../../../Engine/Plugins/Animation/ControlRig/Content/Controls/ControlRig_Wedge_1mm.ubulk" 121
"../../../Engine/Plugins/Animation/ControlRig/Content/Controls/ControlRig_Wedge_1mm.uasset" 122
"../../../Engine/Plugins/Animation/ControlRig/Content/Controls/ControlRig_Wedge_1mm.uexp" 123
"../../../Engine/Plugins/Animation/ControlRig/Content/Controls/ControlRig_Triangle_solid.ubulk" 124
"../../../Engine/Plugins/Animation/ControlRig/Content/Controls/ControlRig_Triangle_solid.uasset" 125
"../../../Engine/Plugins/Animation/ControlRig/Content/Controls/ControlRig_Triangle_solid.uexp" 126
"../../../Engine/Plugins/Animation/ControlRig/Content/Controls/ControlRig_Triangle_3mm.ubulk" 127
"../../../Engine/Plugins/Animation/ControlRig/Content/Controls/ControlRig_Triangle_3mm.uasset" 128
"../../../Engine/Plugins/Animation/ControlRig/Content/Controls/ControlRig_Triangle_3mm.uexp" 129
"../../../Engine/Plugins/Animation/ControlRig/Content/Controls/ControlRig_Triangle_1mm.ubulk" 130
"../../../Engine/Plugins/Animation/ControlRig/Content/Controls/ControlRig_Triangle_1mm.uasset" 131
"../../../Engine/Plugins/Animation/ControlRig/Content/Controls/ControlRig_Triangle_1mm.uexp" 132
"../../../Engine/Plugins/Animation/ControlRig/Content/Controls/ControlRig_Star4_solid.ubulk" 133
"../../../Engine/Plugins/Animation/ControlRig/Content/Controls/ControlRig_Star4_solid.uasset" 134
"../../../Engine/Plugins/Animation/ControlRig/Content/Controls/ControlRig_Star4_solid.uexp" 135
"../../../Engine/Plugins/Animation/ControlRig/Content/Controls/ControlRig_Star4_3mm.ubulk" 136
"../../../Engine/Plugins/Animation/ControlRig/Content/Controls/ControlRig_Star4_3mm.uasset" 137
"../../../Engine/Plugins/Animation/ControlRig/Content/Controls/ControlRig_Star4_3mm.uexp" 138
"../../../Engine/Plugins/Animation/ControlRig/Content/Controls/ControlRig_Star4_1mm.ubulk" 139
"../../../Engine/Plugins/Animation/ControlRig/Content/Controls/ControlRig_Star4_1mm.uasset" 140
"../../../Engine/Plugins/Animation/ControlRig/Content/Controls/ControlRig_Star4_1mm.uexp" 141
"../../../Engine/Plugins/Animation/ControlRig/Content/Controls/ControlRig_Square_solid.ubulk" 142
"../../../Engine/Plugins/Animation/ControlRig/Content/Controls/ControlRig_Square_solid.uasset" 143
"../../../Engine/Plugins/Animation/ControlRig/Content/Controls/ControlRig_Square_solid.uexp" 144
"../../../Engine/Plugins/Animation/ControlRig/Content/Controls/ControlRig_Square_3mm.ubulk" 145
"../../../Engine/Plugins/Animation/ControlRig/Content/Controls/ControlRig_Square_3mm.uasset" 146
"../../../Engine/Plugins/Animation/ControlRig/Content/Controls/ControlRig_Square_3mm.uexp" 147
"../../../Engine/Plugins/Animation/ControlRig/Content/Controls/ControlRig_Square_1mm.ubulk" 148
"../../../Engine/Plugins/Animation/ControlRig/Content/Controls/ControlRig_Square_1mm.uasset" 149
"../../../Engine/Plugins/Animation/ControlRig/Content/Controls/ControlRig_Square_1mm.uexp" 150
"../../../Engine/Plugins/Animation/ControlRig/Content/Controls/ControlRig_Sphere_solid.ubulk" 151
"../../../Engine/Plugins/Animation/ControlRig/Content/Controls/ControlRig_Sphere_solid.uasset" 152
"../../../Engine/Plugins/Animation/ControlRig/Content/Controls/ControlRig_Sphere_solid.uexp" 153
"../../../Engine/Plugins/Animation/ControlRig/Content/Controls/ControlRig_Sphere_3mm.ubulk" 154
"../../../Engine/Plugins/Animation/ControlRig/Content/Controls/ControlRig_Sphere_3mm.uasset" 155
"../../../Engine/Plugins/Animation/ControlRig/Content/Controls/ControlRig_Sphere_3mm.uexp" 156
"../../../Engine/Plugins/Animation/ControlRig/Content/Controls/ControlRig_Sphere_1mm.ubulk" 157
"../../../Engine/Plugins/Animation/ControlRig/Content/Controls/ControlRig_Sphere_1mm.uasset" 158
"../../../Engine/Plugins/Animation/ControlRig/Content/Controls/ControlRig_Sphere_1mm.uexp" 159
"../../../Engine/Plugins/Animation/ControlRig/Content/Controls/ControlRig_RoundedTriangle_solid.ubulk" 160
"../../../Engine/Plugins/Animation/ControlRig/Content/Controls/ControlRig_RoundedTriangle_solid.uasset" 161
"../../../Engine/Plugins/Animation/ControlRig/Content/Controls/ControlRig_RoundedTriangle_solid.uexp" 162
"../../../Engine/Plugins/Animation/ControlRig/Content/Controls/ControlRig_RoundedTriangle_3mm.ubulk" 163
"../../../Engine/Plugins/Animation/ControlRig/Content/Controls/ControlRig_RoundedTriangle_3mm.uasset" 164
"../../../Engine/Plugins/Animation/ControlRig/Content/Controls/ControlRig_RoundedTriangle_3mm.uexp" 165
"../../../Engine/Plugins/Animation/ControlRig/Content/Controls/ControlRig_RoundedTriangle_1mm.ubulk" 166
"../../../Engine/Plugins/Animation/ControlRig/Content/Controls/ControlRig_RoundedTriangle_1mm.uasset" 167
"../../../Engine/Plugins/Animation/ControlRig/Content/Controls/ControlRig_RoundedTriangle_1mm.uexp" 168
"../../../Engine/Plugins/Animation/ControlRig/Content/Controls/ControlRig_RoundedSquare_solid.ubulk" 169
"../../../Engine/Plugins/Animation/ControlRig/Content/Controls/ControlRig_RoundedSquare_solid.uasset" 170
"../../../Engine/Plugins/Animation/ControlRig/Content/Controls/ControlRig_RoundedSquare_solid.uexp" 171
"../../../Engine/Plugins/Animation/ControlRig/Content/Controls/ControlRig_RoundedSquare_3mm.ubulk" 172
"../../../Engine/Plugins/Animation/ControlRig/Content/Controls/ControlRig_RoundedSquare_3mm.uasset" 173
"../../../Engine/Plugins/Animation/ControlRig/Content/Controls/ControlRig_RoundedSquare_3mm.uexp" 174
"../../../Engine/Plugins/Animation/ControlRig/Content/Controls/ControlRig_RoundedSquare_1mm.ubulk" 175
"../../../Engine/Plugins/Animation/ControlRig/Content/Controls/ControlRig_RoundedSquare_1mm.uasset" 176
"../../../Engine/Plugins/Animation/ControlRig/Content/Controls/ControlRig_RoundedSquare_1mm.uexp" 177
"../../../Engine/Plugins/Animation/ControlRig/Content/Controls/ControlRig_QuarterCircle_solid.ubulk" 178
"../../../Engine/Plugins/Animation/ControlRig/Content/Controls/ControlRig_QuarterCircle_solid.uasset" 179
"../../../Engine/Plugins/Animation/ControlRig/Content/Controls/ControlRig_QuarterCircle_solid.uexp" 180
"../../../Engine/Plugins/Animation/ControlRig/Content/Controls/ControlRig_QuarterCircle_3mm.ubulk" 181
"../../../Engine/Plugins/Animation/ControlRig/Content/Controls/ControlRig_QuarterCircle_3mm.uasset" 182
"../../../Engine/Plugins/Animation/ControlRig/Content/Controls/ControlRig_QuarterCircle_3mm.uexp" 183
"../../../Engine/Plugins/Animation/ControlRig/Content/Controls/ControlRig_QuarterCircle_1mm.ubulk" 184
"../../../Engine/Plugins/Animation/ControlRig/Content/Controls/ControlRig_QuarterCircle_1mm.uasset" 185
"../../../Engine/Plugins/Animation/ControlRig/Content/Controls/ControlRig_QuarterCircle_1mm.uexp" 186
"../../../Engine/Plugins/Animation/ControlRig/Content/Controls/ControlRig_Pyramid_solid.ubulk" 187
"../../../Engine/Plugins/Animation/ControlRig/Content/Controls/ControlRig_Pyramid_solid.uasset" 188
"../../../Engine/Plugins/Animation/ControlRig/Content/Controls/ControlRig_Pyramid_solid.uexp" 189
"../../../Engine/Plugins/Animation/ControlRig/Content/Controls/ControlRig_Pyramid_3mm.ubulk" 190
"../../../Engine/Plugins/Animation/ControlRig/Content/Controls/ControlRig_Pyramid_3mm.uasset" 191
"../../../Engine/Plugins/Animation/ControlRig/Content/Controls/ControlRig_Pyramid_3mm.uexp" 192
"../../../Engine/Plugins/Animation/ControlRig/Content/Controls/ControlRig_Pyramid_1mm.ubulk" 193
"../../../Engine/Plugins/Animation/ControlRig/Content/Controls/ControlRig_Pyramid_1mm.uasset" 194
"../../../Engine/Plugins/Animation/ControlRig/Content/Controls/ControlRig_Pyramid_1mm.uexp" 195
"../../../Engine/Plugins/Animation/ControlRig/Content/Controls/ControlRig_Octagon_solid.ubulk" 196
"../../../Engine/Plugins/Animation/ControlRig/Content/Controls/ControlRig_Octagon_solid.uasset" 197
"../../../Engine/Plugins/Animation/ControlRig/Content/Controls/ControlRig_Octagon_solid.uexp" 198
"../../../Engine/Plugins/Animation/ControlRig/Content/Controls/ControlRig_Octagon_3mm.ubulk" 199
"../../../Engine/Plugins/Animation/ControlRig/Content/Controls/ControlRig_Octagon_3mm.uasset" 200
"../../../Engine/Plugins/Animation/ControlRig/Content/Controls/ControlRig_Octagon_3mm.uexp" 201
"../../../Engine/Plugins/Animation/ControlRig/Content/Controls/ControlRig_Octagon_1mm.ubulk" 202
"../../../Engine/Plugins/Animation/ControlRig/Content/Controls/ControlRig_Octagon_1mm.uasset" 203
"../../../Engine/Plugins/Animation/ControlRig/Content/Controls/ControlRig_Octagon_1mm.uexp" 204
"../../../Engine/Plugins/Animation/ControlRig/Content/Controls/ControlRig_Hexagon_solid.ubulk" 205
"../../../Engine/Plugins/Animation/ControlRig/Content/Controls/ControlRig_Hexagon_solid.uasset" 206
"../../../Engine/Plugins/Animation/ControlRig/Content/Controls/ControlRig_Hexagon_solid.uexp" 207
"../../../Engine/Plugins/Animation/ControlRig/Content/Controls/ControlRig_Hexagon_3mm.ubulk" 208
"../../../Engine/Plugins/Animation/ControlRig/Content/Controls/ControlRig_Hexagon_3mm.uasset" 209
"../../../Engine/Plugins/Animation/ControlRig/Content/Controls/ControlRig_Hexagon_3mm.uexp" 210
"../../../Engine/Plugins/Animation/ControlRig/Content/Controls/ControlRig_Hexagon_1mm.ubulk" 211
"../../../Engine/Plugins/Animation/ControlRig/Content/Controls/ControlRig_Hexagon_1mm.uasset" 212
"../../../Engine/Plugins/Animation/ControlRig/Content/Controls/ControlRig_Hexagon_1mm.uexp" 213
"../../../Engine/Plugins/Animation/ControlRig/Content/Controls/ControlRig_HalfCircle_solid.ubulk" 214
"../../../Engine/Plugins/Animation/ControlRig/Content/Controls/ControlRig_HalfCircle_solid.uasset" 215
"../../../Engine/Plugins/Animation/ControlRig/Content/Controls/ControlRig_HalfCircle_solid.uexp" 216
"../../../Engine/Plugins/Animation/ControlRig/Content/Controls/ControlRig_HalfCircle_3mm.ubulk" 217
"../../../Engine/Plugins/Animation/ControlRig/Content/Controls/ControlRig_HalfCircle_3mm.uasset" 218
"../../../Engine/Plugins/Animation/ControlRig/Content/Controls/ControlRig_HalfCircle_3mm.uexp" 219
"../../../Engine/Plugins/Animation/ControlRig/Content/Controls/ControlRig_HalfCircle_1mm.ubulk" 220
"../../../Engine/Plugins/Animation/ControlRig/Content/Controls/ControlRig_HalfCircle_1mm.uasset" 221
"../../../Engine/Plugins/Animation/ControlRig/Content/Controls/ControlRig_HalfCircle_1mm.uexp" 222
"../../../Engine/Plugins/Animation/ControlRig/Content/Controls/ControlRig_Diamond_solid.ubulk" 223
"../../../Engine/Plugins/Animation/ControlRig/Content/Controls/ControlRig_Diamond_solid.uasset" 224
"../../../Engine/Plugins/Animation/ControlRig/Content/Controls/ControlRig_Diamond_solid.uexp" 225
"../../../Engine/Plugins/Animation/ControlRig/Content/Controls/ControlRig_Diamond_3mm.ubulk" 226
"../../../Engine/Plugins/Animation/ControlRig/Content/Controls/ControlRig_Diamond_3mm.uasset" 227
"../../../Engine/Plugins/Animation/ControlRig/Content/Controls/ControlRig_Diamond_3mm.uexp" 228
"../../../Engine/Plugins/Animation/ControlRig/Content/Controls/ControlRig_Diamond_1mm.ubulk" 229
"../../../Engine/Plugins/Animation/ControlRig/Content/Controls/ControlRig_Diamond_1mm.uasset" 230
"../../../Engine/Plugins/Animation/ControlRig/Content/Controls/ControlRig_Diamond_1mm.uexp" 231
"../../../Engine/Plugins/Animation/ControlRig/Content/Controls/ControlRig_Circle_solid.ubulk" 232
"../../../Engine/Plugins/Animation/ControlRig/Content/Controls/ControlRig_Circle_solid.uasset" 233
"../../../Engine/Plugins/Animation/ControlRig/Content/Controls/ControlRig_Circle_solid.uexp" 234
"../../../Engine/Plugins/Animation/ControlRig/Content/Controls/ControlRig_Circle_3mm.ubulk" 235
"../../../Engine/Plugins/Animation/ControlRig/Content/Controls/ControlRig_Circle_3mm.uasset" 236
"../../../Engine/Plugins/Animation/ControlRig/Content/Controls/ControlRig_Circle_3mm.uexp" 237
"../../../Engine/Plugins/Animation/ControlRig/Content/Controls/ControlRig_Circle_1mm.ubulk" 238
"../../../Engine/Plugins/Animation/ControlRig/Content/Controls/ControlRig_Circle_1mm.uasset" 239
"../../../Engine/Plugins/Animation/ControlRig/Content/Controls/ControlRig_Circle_1mm.uexp" 240
"../../../Engine/Plugins/Animation/ControlRig/Content/Controls/ControlRig_Box_solid.ubulk" 241
"../../../Engine/Plugins/Animation/ControlRig/Content/Controls/ControlRig_Box_solid.uasset" 242
"../../../Engine/Plugins/Animation/ControlRig/Content/Controls/ControlRig_Box_solid.uexp" 243
"../../../Engine/Plugins/Animation/ControlRig/Content/Controls/ControlRig_Box_3mm.ubulk" 244
"../../../Engine/Plugins/Animation/ControlRig/Content/Controls/ControlRig_Box_3mm.uasset" 245
"../../../Engine/Plugins/Animation/ControlRig/Content/Controls/ControlRig_Box_3mm.uexp" 246
"../../../Engine/Plugins/Animation/ControlRig/Content/Controls/ControlRig_Box_1mm.ubulk" 247
"../../../Engine/Plugins/Animation/ControlRig/Content/Controls/ControlRig_Box_1mm.uasset" 248
"../../../Engine/Plugins/Animation/ControlRig/Content/Controls/ControlRig_Box_1mm.uexp" 249
"../../../Engine/Plugins/Animation/ControlRig/Content/Controls/ControlRig_Arrow_solid.ubulk" 250
"../../../Engine/Plugins/Animation/ControlRig/Content/Controls/ControlRig_Arrow_solid.uasset" 251
"../../../Engine/Plugins/Animation/ControlRig/Content/Controls/ControlRig_Arrow_solid.uexp" 252
"../../../Engine/Plugins/Animation/ControlRig/Content/Controls/ControlRig_Arrow_3mm.ubulk" 253
"../../../Engine/Plugins/Animation/ControlRig/Content/Controls/ControlRig_Arrow_3mm.uasset" 254
"../../../Engine/Plugins/Animation/ControlRig/Content/Controls/ControlRig_Arrow_3mm.uexp" 255
"../../../Engine/Plugins/Animation/ControlRig/Content/Controls/ControlRig_Arrow_1mm.ubulk" 256
"../../../Engine/Plugins/Animation/ControlRig/Content/Controls/ControlRig_Arrow_1mm.uasset" 257
"../../../Engine/Plugins/Animation/ControlRig/Content/Controls/ControlRig_Arrow_1mm.uexp" 258
"../../../Engine/Plugins/Animation/ControlRig/Content/Controls/ControlRig_Arrow4_solid.ubulk" 259
"../../../Engine/Plugins/Animation/ControlRig/Content/Controls/ControlRig_Arrow4_solid.uasset" 260
"../../../Engine/Plugins/Animation/ControlRig/Content/Controls/ControlRig_Arrow4_solid.uexp" 261
"../../../Engine/Plugins/Animation/ControlRig/Content/Controls/ControlRig_Arrow4_3mm.ubulk" 262
"../../../Engine/Plugins/Animation/ControlRig/Content/Controls/ControlRig_Arrow4_3mm.uasset" 263
"../../../Engine/Plugins/Animation/ControlRig/Content/Controls/ControlRig_Arrow4_3mm.uexp" 264
"../../../Engine/Plugins/Animation/ControlRig/Content/Controls/ControlRig_Arrow4_1mm.ubulk" 265
"../../../Engine/Plugins/Animation/ControlRig/Content/Controls/ControlRig_Arrow4_1mm.uasset" 266
"../../../Engine/Plugins/Animation/ControlRig/Content/Controls/ControlRig_Arrow4_1mm.uexp" 267
"../../../Engine/Plugins/Animation/ControlRig/Content/Controls/ControlRig_Arrow2_solid.ubulk" 268
"../../../Engine/Plugins/Animation/ControlRig/Content/Controls/ControlRig_Arrow2_solid.uasset" 269
"../../../Engine/Plugins/Animation/ControlRig/Content/Controls/ControlRig_Arrow2_solid.uexp" 270
"../../../Engine/Plugins/Animation/ControlRig/Content/Controls/ControlRig_Arrow2_3mm.ubulk" 271
"../../../Engine/Plugins/Animation/ControlRig/Content/Controls/ControlRig_Arrow2_3mm.uasset" 272
"../../../Engine/Plugins/Animation/ControlRig/Content/Controls/ControlRig_Arrow2_3mm.uexp" 273
"../../../Engine/Plugins/Animation/ControlRig/Content/Controls/ControlRig_Arrow2_1mm.ubulk" 274
"../../../Engine/Plugins/Animation/ControlRig/Content/Controls/ControlRig_Arrow2_1mm.uasset" 275
"../../../Engine/Plugins/Animation/ControlRig/Content/Controls/ControlRig_Arrow2_1mm.uexp" 276
"../../../Engine/Plugins/Animation/ControlRig/Content/Controls/ControlRigXRayMaterial.uasset" 277
"../../../Engine/Plugins/Animation/ControlRig/Content/Controls/ControlRigXRayMaterial.uexp" 278
"../../../Engine/Plugins/Animation/ControlRig/Content/Controls/ControlRigGizmoMaterial.uasset" 279
"../../../Engine/Plugins/Animation/ControlRig/Content/Controls/ControlRigGizmoMaterial.uexp" 280
"../../../Engine/Content/Functions/Engine_MaterialFunctions02/Math/Transform3x3Matrix.uasset" 281
"../../../Engine/Content/Functions/Engine_MaterialFunctions02/Math/Transform3x3Matrix.uexp" 282
"../../../Engine/Content/Functions/Engine_MaterialFunctions02/SplitComponents.uasset" 283
"../../../Engine/Content/Functions/Engine_MaterialFunctions02/SplitComponents.uexp" 284
"../../../Engine/Content/Functions/Engine_MaterialFunctions02/Utility/MakeFloat3.uasset" 285
"../../../Engine/Content/Functions/Engine_MaterialFunctions02/Utility/MakeFloat3.uexp" 286
"../../../Engine/Content/EngineSounds/Master.uasset" 287
"../../../Engine/Content/EngineSounds/Master.uexp" 288
"../../../Engine/Content/EngineResources/WhiteSquareTexture.uasset" 289
"../../../Engine/Content/EngineResources/WhiteSquareTexture.uexp" 290
"../../../Engine/Content/EngineMaterials/Widget3DPassThrough.uasset" 291
"../../../Engine/Content/EngineMaterials/Widget3DPassThrough.uexp" 292
"../../../Engine/Content/EngineMaterials/Widget3DPassThrough_Translucent.uasset" 293
"../../../Engine/Content/EngineMaterials/Widget3DPassThrough_Translucent.uexp" 294
"../../../Engine/Content/EngineMaterials/Widget3DPassThrough_Translucent_OneSided.uasset" 295
"../../../Engine/Content/EngineMaterials/Widget3DPassThrough_Translucent_OneSided.uexp" 296
"../../../Engine/Content/EngineMaterials/Widget3DPassThrough_Opaque.uasset" 297
"../../../Engine/Content/EngineMaterials/Widget3DPassThrough_Opaque.uexp" 298
"../../../Engine/Content/EngineMaterials/Widget3DPassThrough_Opaque_OneSided.uasset" 299
"../../../Engine/Content/EngineMaterials/Widget3DPassThrough_Opaque_OneSided.uexp" 300
"../../../Engine/Content/EngineMaterials/Widget3DPassThrough_Masked_OneSided.uasset" 301
"../../../Engine/Content/EngineMaterials/Widget3DPassThrough_Masked_OneSided.uexp" 302
"../../../Engine/Content/EngineMaterials/Widget3DPassThrough_Masked.uasset" 303
"../../../Engine/Content/EngineMaterials/Widget3DPassThrough_Masked.uexp" 304
"../../../Engine/Content/EngineMaterials/STBlueNoise_vec2_128x128x64.uasset" 305
"../../../Engine/Content/EngineMaterials/STBlueNoise_vec2_128x128x64.uexp" 306
"../../../Engine/Content/EngineMaterials/STBlueNoise_scalar_128x128x64.uasset" 307
"../../../Engine/Content/EngineMaterials/STBlueNoise_scalar_128x128x64.uexp" 308
"../../../Engine/Content/EngineMaterials/RemoveSurfaceMaterial.uasset" 309
"../../../Engine/Content/EngineMaterials/RemoveSurfaceMaterial.uexp" 310
"../../../Engine/Content/EngineMaterials/DefaultCalibrationGrayscale.uasset" 311
"../../../Engine/Content/EngineMaterials/DefaultCalibrationGrayscale.uexp" 312
"../../../Engine/Content/EngineMaterials/PPM_DefaultCalibrationGrayscale.uasset" 313
"../../../Engine/Content/EngineMaterials/PPM_DefaultCalibrationGrayscale.uexp" 314
"../../../Engine/Content/EngineMaterials/DefaultCalibrationColor.uasset" 315
"../../../Engine/Content/EngineMaterials/DefaultCalibrationColor.uexp" 316
"../../../Engine/Content/EngineMaterials/PPM_DefaultCalibrationColor.uasset" 317
"../../../Engine/Content/EngineMaterials/PPM_DefaultCalibrationColor.uexp" 318
"../../../Engine/Content/EngineMaterials/PhAT_JointLimitMaterial.uasset" 319
"../../../Engine/Content/EngineMaterials/PhAT_JointLimitMaterial.uexp" 320
"../../../Engine/Content/EngineMaterials/NaniteHiddenSectionMaterial.uasset" 321
"../../../Engine/Content/EngineMaterials/NaniteHiddenSectionMaterial.uexp" 322
"../../../Engine/Content/EngineMaterials/InvalidLightmapSettings.ubulk" 323
"../../../Engine/Content/EngineMaterials/InvalidLightmapSettings.uasset" 324
"../../../Engine/Content/EngineMaterials/InvalidLightmapSettings.uexp" 325
"../../../Engine/Content/EngineMaterials/M_InvalidLightmapSettings.uasset" 326
"../../../Engine/Content/EngineMaterials/M_InvalidLightmapSettings.uexp" 327
"../../../Engine/Content/EngineMaterials/GizmoMaterial.uasset" 328
"../../../Engine/Content/EngineMaterials/GizmoMaterial.uexp" 329
"../../../Engine/Content/EngineMaterials/BaseFlattenEmissiveMap_VT.uasset" 330
"../../../Engine/Content/EngineMaterials/BaseFlattenEmissiveMap_VT.uexp" 331
"../../../Engine/Content/EngineMaterials/BaseFlattenGrayscaleMap_VT.uasset" 332
"../../../Engine/Content/EngineMaterials/BaseFlattenGrayscaleMap_VT.uexp" 333
"../../../Engine/Content/EngineMaterials/BaseFlattenLinearColor_VT.uasset" 334
"../../../Engine/Content/EngineMaterials/BaseFlattenLinearColor_VT.uexp" 335
"../../../Engine/Content/EngineMaterials/Black_1x1_EXR_Texture_VT.uasset" 336
"../../../Engine/Content/EngineMaterials/Black_1x1_EXR_Texture_VT.uexp" 337
"../../../Engine/Content/EngineMaterials/BaseFlattenDiffuseMap_VT.uasset" 338
"../../../Engine/Content/EngineMaterials/BaseFlattenDiffuseMap_VT.uexp" 339
"../../../Engine/Content/EngineMaterials/BaseFlattenNormalMap_VT.uasset" 340
"../../../Engine/Content/EngineMaterials/BaseFlattenNormalMap_VT.uexp" 341
"../../../Engine/Content/EngineMaterials/FlattenMaterial_WS_Normal_VT.uasset" 342
"../../../Engine/Content/EngineMaterials/FlattenMaterial_WS_Normal_VT.uexp" 343
"../../../Engine/Content/EngineMaterials/FlattenMaterial_VT.uasset" 344
"../../../Engine/Content/EngineMaterials/FlattenMaterial_VT.uexp" 345
"../../../Engine/Content/EngineMaterials/BaseFlattenNormalMap.uasset" 346
"../../../Engine/Content/EngineMaterials/BaseFlattenNormalMap.uexp" 347
"../../../Engine/Content/EngineMaterials/BaseFlattenGrayscaleMap.uasset" 348
"../../../Engine/Content/EngineMaterials/BaseFlattenGrayscaleMap.uexp" 349
"../../../Engine/Content/EngineMaterials/BaseFlattenDiffuseMap.uasset" 350
"../../../Engine/Content/EngineMaterials/BaseFlattenDiffuseMap.uexp" 351
"../../../Engine/Content/Functions/Engine_MaterialFunctions02/PivotPainter2/Black_1x1_EXR_Texture.uasset" 352
"../../../Engine/Content/Functions/Engine_MaterialFunctions02/PivotPainter2/Black_1x1_EXR_Texture.uexp" 353
"../../../Engine/Content/EngineMaterials/BaseFlattenEmissiveMap.uasset" 354
"../../../Engine/Content/EngineMaterials/BaseFlattenEmissiveMap.uexp" 355
"../../../Engine/Content/EngineMaterials/BaseFlattenLinearColor.uasset" 356
"../../../Engine/Content/EngineMaterials/BaseFlattenLinearColor.uexp" 357
"../../../Engine/Content/EngineMaterials/FlattenMaterial.uasset" 358
"../../../Engine/Content/EngineMaterials/FlattenMaterial.uexp" 359
"../../../Engine/Content/EngineMaterials/DefaultWhiteGrid_Low.uasset" 360
"../../../Engine/Content/EngineMaterials/DefaultWhiteGrid_Low.uexp" 361
"../../../Engine/Content/EngineMaterials/EmissiveMeshMaterial.uasset" 362
"../../../Engine/Content/EngineMaterials/EmissiveMeshMaterial.uexp" 363
"../../../Engine/Content/EngineFonts/RobotoDistanceField.uasset" 364
"../../../Engine/Content/EngineFonts/RobotoDistanceField.uexp" 365
"../../../Engine/Content/EngineMaterials/DefaultTextMaterialOpaque.uasset" 366
"../../../Engine/Content/EngineMaterials/DefaultTextMaterialOpaque.uexp" 367
"../../../Engine/Content/EngineMaterials/DefaultDiffuse.ubulk" 368
"../../../Engine/Content/EngineMaterials/DefaultDiffuse.uasset" 369
"../../../Engine/Content/EngineMaterials/DefaultDiffuse.uexp" 370
"../../../Engine/Content/Functions/Engine_MaterialFunctions02/Utility/BreakOutFloat2Components.uasset" 371
"../../../Engine/Content/Functions/Engine_MaterialFunctions02/Utility/BreakOutFloat2Components.uexp" 372
"../../../Engine/Content/EngineMaterials/DefaultPostProcessMaterial.uasset" 373
"../../../Engine/Content/EngineMaterials/DefaultPostProcessMaterial.uexp" 374
"../../../Engine/Content/EngineMaterials/DefaultPhysicalMaterial.uasset" 375
"../../../Engine/Content/EngineMaterials/DefaultPhysicalMaterial.uexp" 376
"../../../Engine/Content/EngineMaterials/DefaultLightFunctionMaterial.uasset" 377
"../../../Engine/Content/EngineMaterials/DefaultLightFunctionMaterial.uexp" 378
"../../../Engine/Content/EngineMaterials/DefaultDestructiblePhysicalMaterial.uasset" 379
"../../../Engine/Content/EngineMaterials/DefaultDestructiblePhysicalMaterial.uexp" 380
"../../../Engine/Content/EngineMaterials/DefaultDeferredDecalMaterial.uasset" 381
"../../../Engine/Content/EngineMaterials/DefaultDeferredDecalMaterial.uexp" 382
"../../../Engine/Content/EngineMaterials/DefaultBloomKernel.uasset" 383
"../../../Engine/Content/EngineMaterials/DefaultBloomKernel.uexp" 384
"../../../Engine/Content/EngineFonts/Faces/RobotoLight.uexp" 385
"../../../Engine/Content/EngineFonts/Faces/RobotoLight.uasset" 386
"../../../Engine/Content/EngineFonts/Faces/RobotoLight.ufont" 387
"../../../Engine/Content/EngineFonts/Faces/RobotoBold.uexp" 388
"../../../Engine/Content/EngineFonts/Faces/RobotoBold.uasset" 389
"../../../Engine/Content/EngineFonts/Faces/RobotoBold.ufont" 390
"../../../Engine/Content/EngineFonts/Faces/RobotoRegular.uexp" 391
"../../../Engine/Content/EngineFonts/Faces/RobotoRegular.uasset" 392
"../../../Engine/Content/EngineFonts/Faces/RobotoRegular.ufont" 393
"../../../Engine/Content/EngineFonts/Faces/DroidSansFallback.uexp" 394
"../../../Engine/Content/EngineFonts/Faces/DroidSansFallback.uasset" 395
"../../../Engine/Content/EngineFonts/Faces/DroidSansFallback.ufont" 396
"../../../Engine/Content/EngineFonts/Faces/RobotoItalic.uexp" 397
"../../../Engine/Content/EngineFonts/Faces/RobotoItalic.uasset" 398
"../../../Engine/Content/EngineFonts/Faces/RobotoItalic.ufont" 399
"../../../Engine/Content/EngineFonts/Faces/RobotoBoldItalic.uexp" 400
"../../../Engine/Content/EngineFonts/Faces/RobotoBoldItalic.uasset" 401
"../../../Engine/Content/EngineFonts/Faces/RobotoBoldItalic.ufont" 402
"../../../Engine/Content/EngineFonts/Roboto.uasset" 403
"../../../Engine/Content/EngineFonts/Roboto.uexp" 404
"../../../Engine/Content/EngineDebugMaterials/VolumeToRender.uasset" 405
"../../../Engine/Content/EngineDebugMaterials/VolumeToRender.uexp" 406
"../../../Engine/Content/EngineDebugMaterials/M_VolumeRenderSphereTracePP.uasset" 407
"../../../Engine/Content/EngineDebugMaterials/M_VolumeRenderSphereTracePP.uexp" 408
"../../../Engine/Content/EngineDebugMaterials/M_SimpleUnlitTranslucent.uasset" 409
"../../../Engine/Content/EngineDebugMaterials/M_SimpleUnlitTranslucent.uexp" 410
"../../../Engine/Content/EngineDebugMaterials/DebugMeshMaterial.uasset" 411
"../../../Engine/Content/EngineDebugMaterials/DebugMeshMaterial.uexp" 412
"../../../Engine/Content/EngineDebugMaterials/DebugEditorMaterial.uasset" 413
"../../../Engine/Content/EngineDebugMaterials/DebugEditorMaterial.uexp" 414
"../../../Engine/Content/EngineDamageTypes/DmgTypeBP_Environmental.uasset" 415
"../../../Engine/Content/EngineDamageTypes/DmgTypeBP_Environmental.uexp" 416
"../../../Engine/Content/EngineMaterials/DefaultMaterial.uasset" 417
"../../../Engine/Content/EngineMaterials/DefaultMaterial.uexp" 418
"../../../Engine/Content/BasicShapes/Sphere.ubulk" 419
"../../../Engine/Content/BasicShapes/Sphere.uasset" 420
"../../../Engine/Content/BasicShapes/Sphere.uexp" 421
"../../../Engine/Content/BasicShapes/Plane.ubulk" 422
"../../../Engine/Content/BasicShapes/Plane.uasset" 423
"../../../Engine/Content/BasicShapes/Plane.uexp" 424
"../../../Engine/Content/BasicShapes/Cylinder.ubulk" 425
"../../../Engine/Content/BasicShapes/Cylinder.uasset" 426
"../../../Engine/Content/BasicShapes/Cylinder.uexp" 427
"../../../Engine/Content/BasicShapes/Cube.ubulk" 428
"../../../Engine/Content/BasicShapes/Cube.uasset" 429
"../../../Engine/Content/BasicShapes/Cube.uexp" 430
"../../../Engine/Content/BasicShapes/Cone.ubulk" 431
"../../../Engine/Content/BasicShapes/Cone.uasset" 432
"../../../Engine/Content/BasicShapes/Cone.uexp" 433
"../../../Engine/Content/BasicShapes/BasicShapeMaterial.uasset" 434
"../../../Engine/Content/BasicShapes/BasicShapeMaterial.uexp" 435
"../../../Engine/Plugins/Runtime/MeshModelingToolset/Content/Materials/M_DynamicMeshComponentVtxColor.uasset" 436
"../../../Engine/Plugins/Runtime/MeshModelingToolset/Content/Materials/M_DynamicMeshComponentVtxColor.uexp" 437
"../../../Engine/Content/MobileResources/HUD/VirtualJoystick_Background.uasset" 438
"../../../Engine/Content/MobileResources/HUD/VirtualJoystick_Background.uexp" 439
"../../../Engine/Content/MobileResources/HUD/VirtualJoystick_Thumb.uasset" 440
"../../../Engine/Content/MobileResources/HUD/VirtualJoystick_Thumb.uexp" 441
"C:/Users/hp/Documents/Unreal Projects/SeriousGame/Content/ThirdPerson/Input/Custom_Control.uasset" 442
"C:/Users/hp/Documents/Unreal Projects/SeriousGame/Content/ThirdPerson/Input/Custom_Control.uexp" 443
"C:/Users/hp/Documents/Unreal Projects/SeriousGame/Content/UI/OnScreen_Info/WB_Inventory_Info.uasset" 444
"C:/Users/hp/Documents/Unreal Projects/SeriousGame/Content/UI/OnScreen_Info/WB_Inventory_Info.uexp" 445
"C:/Users/hp/Documents/Unreal Projects/SeriousGame/Content/Characters/Mannequins/Meshes/SK_Mannequin.uasset" 446
"C:/Users/hp/Documents/Unreal Projects/SeriousGame/Content/Characters/Mannequins/Meshes/SK_Mannequin.uexp" 447
"C:/Users/hp/Documents/Unreal Projects/SeriousGame/Content/Characters/Mannequins/Textures/Quinn/T_Quinn_02ID_MSR_MSK.ubulk" 448
"C:/Users/hp/Documents/Unreal Projects/SeriousGame/Content/Characters/Mannequins/Textures/Quinn/T_Quinn_02ID_MSR_MSK.uasset" 449
"C:/Users/hp/Documents/Unreal Projects/SeriousGame/Content/Characters/Mannequins/Textures/Quinn/T_Quinn_02ID_MSR_MSK.uexp" 450
"C:/Users/hp/Documents/Unreal Projects/SeriousGame/Content/Characters/Mannequins/Textures/Quinn/T_Quinn_02ID_BN.ubulk" 451
"C:/Users/hp/Documents/Unreal Projects/SeriousGame/Content/Characters/Mannequins/Textures/Quinn/T_Quinn_02ID_BN.uasset" 452
"C:/Users/hp/Documents/Unreal Projects/SeriousGame/Content/Characters/Mannequins/Textures/Quinn/T_Quinn_02ID_BN.uexp" 453
"C:/Users/hp/Documents/Unreal Projects/SeriousGame/Content/Characters/Mannequins/Textures/Quinn/T_Quinn_02_ASAOMASK_MSK.ubulk" 454
"C:/Users/hp/Documents/Unreal Projects/SeriousGame/Content/Characters/Mannequins/Textures/Quinn/T_Quinn_02_ASAOMASK_MSK.uasset" 455
"C:/Users/hp/Documents/Unreal Projects/SeriousGame/Content/Characters/Mannequins/Textures/Quinn/T_Quinn_02_ASAOMASK_MSK.uexp" 456
"C:/Users/hp/Documents/Unreal Projects/SeriousGame/Content/Characters/Mannequins/Textures/Quinn/T_Quinn_02_CCRCCPlastic_MSK.ubulk" 457
"C:/Users/hp/Documents/Unreal Projects/SeriousGame/Content/Characters/Mannequins/Textures/Quinn/T_Quinn_02_CCRCCPlastic_MSK.uasset" 458
"C:/Users/hp/Documents/Unreal Projects/SeriousGame/Content/Characters/Mannequins/Textures/Quinn/T_Quinn_02_CCRCCPlastic_MSK.uexp" 459
"C:/Users/hp/Documents/Unreal Projects/SeriousGame/Content/Characters/Mannequins/Textures/Quinn/T_Quinn_02ID_Tan.ubulk" 460
"C:/Users/hp/Documents/Unreal Projects/SeriousGame/Content/Characters/Mannequins/Textures/Quinn/T_Quinn_02ID_Tan.uasset" 461
"C:/Users/hp/Documents/Unreal Projects/SeriousGame/Content/Characters/Mannequins/Textures/Quinn/T_Quinn_02ID_Tan.uexp" 462
"C:/Users/hp/Documents/Unreal Projects/SeriousGame/Content/Characters/Mannequins/Textures/Quinn/T_Quinn_02ID_D.ubulk" 463
"C:/Users/hp/Documents/Unreal Projects/SeriousGame/Content/Characters/Mannequins/Textures/Quinn/T_Quinn_02ID_D.uasset" 464
"C:/Users/hp/Documents/Unreal Projects/SeriousGame/Content/Characters/Mannequins/Textures/Quinn/T_Quinn_02ID_D.uexp" 465
"C:/Users/hp/Documents/Unreal Projects/SeriousGame/Content/Characters/Mannequins/Textures/Quinn/T_Quinn_01ID_MSR_MSK.ubulk" 466
"C:/Users/hp/Documents/Unreal Projects/SeriousGame/Content/Characters/Mannequins/Textures/Quinn/T_Quinn_01ID_MSR_MSK.uasset" 467
"C:/Users/hp/Documents/Unreal Projects/SeriousGame/Content/Characters/Mannequins/Textures/Quinn/T_Quinn_01ID_MSR_MSK.uexp" 468
"C:/Users/hp/Documents/Unreal Projects/SeriousGame/Content/Characters/Mannequins/Materials/Functions/ChromaticCurve.uasset" 469
"C:/Users/hp/Documents/Unreal Projects/SeriousGame/Content/Characters/Mannequins/Materials/Functions/ChromaticCurve.uexp" 470
"C:/Users/hp/Documents/Unreal Projects/SeriousGame/Content/Characters/Mannequins/Materials/Functions/CA_Mannequin.uasset" 471
"C:/Users/hp/Documents/Unreal Projects/SeriousGame/Content/Characters/Mannequins/Materials/Functions/CA_Mannequin.uexp" 472
"C:/Users/hp/Documents/Unreal Projects/SeriousGame/Content/Characters/Mannequins/Materials/Functions/MF_Diffraction.uasset" 473
"C:/Users/hp/Documents/Unreal Projects/SeriousGame/Content/Characters/Mannequins/Materials/Functions/MF_Diffraction.uexp" 474
"C:/Users/hp/Documents/Unreal Projects/SeriousGame/Content/Characters/Mannequins/Textures/Manny/T_Manny_01_N.ubulk" 475
"C:/Users/hp/Documents/Unreal Projects/SeriousGame/Content/Characters/Mannequins/Textures/Manny/T_Manny_01_N.uasset" 476
"C:/Users/hp/Documents/Unreal Projects/SeriousGame/Content/Characters/Mannequins/Textures/Manny/T_Manny_01_N.uexp" 477
"C:/Users/hp/Documents/Unreal Projects/SeriousGame/Content/Characters/Mannequins/Materials/Functions/ML_BaseColorFallOff.uasset" 478
"C:/Users/hp/Documents/Unreal Projects/SeriousGame/Content/Characters/Mannequins/Materials/Functions/ML_BaseColorFallOff.uexp" 479
"../../../Engine/Content/Functions/Engine_MaterialFunctions01/Texturing/ScaleUVsByCenter.uasset" 480
"../../../Engine/Content/Functions/Engine_MaterialFunctions01/Texturing/ScaleUVsByCenter.uexp" 481
"C:/Users/hp/Documents/Unreal Projects/SeriousGame/Content/Characters/Mannequins/Textures/Shared/T_UE_Logo_M.uasset" 482
"C:/Users/hp/Documents/Unreal Projects/SeriousGame/Content/Characters/Mannequins/Textures/Shared/T_UE_Logo_M.uexp" 483
"C:/Users/hp/Documents/Unreal Projects/SeriousGame/Content/Characters/Mannequins/Materials/Functions/MF_logo3layers.uasset" 484
"C:/Users/hp/Documents/Unreal Projects/SeriousGame/Content/Characters/Mannequins/Materials/Functions/MF_logo3layers.uexp" 485
"C:/Users/hp/Documents/Unreal Projects/SeriousGame/Content/Characters/Mannequins/Textures/Manny/T_Manny_01_CCRCCPlastic_MSK.ubulk" 486
"C:/Users/hp/Documents/Unreal Projects/SeriousGame/Content/Characters/Mannequins/Textures/Manny/T_Manny_01_CCRCCPlastic_MSK.uasset" 487
"C:/Users/hp/Documents/Unreal Projects/SeriousGame/Content/Characters/Mannequins/Textures/Manny/T_Manny_01_CCRCCPlastic_MSK.uexp" 488
"C:/Users/hp/Documents/Unreal Projects/SeriousGame/Content/Characters/Mannequins/Textures/Manny/T_Manny_01_ASAOPMASK_MSK.ubulk" 489
"C:/Users/hp/Documents/Unreal Projects/SeriousGame/Content/Characters/Mannequins/Textures/Manny/T_Manny_01_ASAOPMASK_MSK.uasset" 490
"C:/Users/hp/Documents/Unreal Projects/SeriousGame/Content/Characters/Mannequins/Textures/Manny/T_Manny_01_ASAOPMASK_MSK.uexp" 491
"C:/Users/hp/Documents/Unreal Projects/SeriousGame/Content/Characters/Mannequins/Textures/Manny/T_Manny_01_MSR_MSK.ubulk" 492
"C:/Users/hp/Documents/Unreal Projects/SeriousGame/Content/Characters/Mannequins/Textures/Manny/T_Manny_01_MSR_MSK.uasset" 493
"C:/Users/hp/Documents/Unreal Projects/SeriousGame/Content/Characters/Mannequins/Textures/Manny/T_Manny_01_MSR_MSK.uexp" 494
"C:/Users/hp/Documents/Unreal Projects/SeriousGame/Content/Characters/Mannequins/Textures/Manny/T_Manny_01_BN.ubulk" 495
"C:/Users/hp/Documents/Unreal Projects/SeriousGame/Content/Characters/Mannequins/Textures/Manny/T_Manny_01_BN.uasset" 496
"C:/Users/hp/Documents/Unreal Projects/SeriousGame/Content/Characters/Mannequins/Textures/Manny/T_Manny_01_BN.uexp" 497
"C:/Users/hp/Documents/Unreal Projects/SeriousGame/Content/Characters/Mannequins/Textures/Manny/T_Manny_01_D.ubulk" 498
"C:/Users/hp/Documents/Unreal Projects/SeriousGame/Content/Characters/Mannequins/Textures/Manny/T_Manny_01_D.uasset" 499
"C:/Users/hp/Documents/Unreal Projects/SeriousGame/Content/Characters/Mannequins/Textures/Manny/T_Manny_01_D.uexp" 500
"C:/Users/hp/Documents/Unreal Projects/SeriousGame/Content/Characters/Mannequins/Textures/Manny/T_Manny_01_Tan.ubulk" 501
"C:/Users/hp/Documents/Unreal Projects/SeriousGame/Content/Characters/Mannequins/Textures/Manny/T_Manny_01_Tan.uasset" 502
"C:/Users/hp/Documents/Unreal Projects/SeriousGame/Content/Characters/Mannequins/Textures/Manny/T_Manny_01_Tan.uexp" 503
"C:/Users/hp/Documents/Unreal Projects/SeriousGame/Content/Characters/Mannequins/Materials/M_Mannequin.uasset" 504
"C:/Users/hp/Documents/Unreal Projects/SeriousGame/Content/Characters/Mannequins/Materials/M_Mannequin.uexp" 505
"C:/Users/hp/Documents/Unreal Projects/SeriousGame/Content/Characters/Mannequins/Textures/Quinn/T_Quinn_01_ASAOMASK_MSK.ubulk" 506
"C:/Users/hp/Documents/Unreal Projects/SeriousGame/Content/Characters/Mannequins/Textures/Quinn/T_Quinn_01_ASAOMASK_MSK.uasset" 507
"C:/Users/hp/Documents/Unreal Projects/SeriousGame/Content/Characters/Mannequins/Textures/Quinn/T_Quinn_01_ASAOMASK_MSK.uexp" 508
"C:/Users/hp/Documents/Unreal Projects/SeriousGame/Content/Characters/Mannequins/Textures/Quinn/T_Quinn_01ID_N.ubulk" 509
"C:/Users/hp/Documents/Unreal Projects/SeriousGame/Content/Characters/Mannequins/Textures/Quinn/T_Quinn_01ID_N.uasset" 510
"C:/Users/hp/Documents/Unreal Projects/SeriousGame/Content/Characters/Mannequins/Textures/Quinn/T_Quinn_01ID_N.uexp" 511
"C:/Users/hp/Documents/Unreal Projects/SeriousGame/Content/Characters/Mannequins/Textures/Quinn/T_Quinn_01ID_BN.ubulk" 512
"C:/Users/hp/Documents/Unreal Projects/SeriousGame/Content/Characters/Mannequins/Textures/Quinn/T_Quinn_01ID_BN.uasset" 513
"C:/Users/hp/Documents/Unreal Projects/SeriousGame/Content/Characters/Mannequins/Textures/Quinn/T_Quinn_01ID_BN.uexp" 514
"C:/Users/hp/Documents/Unreal Projects/SeriousGame/Content/Characters/Mannequins/Textures/Quinn/T_Quinn_01ID_D.ubulk" 515
"C:/Users/hp/Documents/Unreal Projects/SeriousGame/Content/Characters/Mannequins/Textures/Quinn/T_Quinn_01ID_D.uasset" 516
"C:/Users/hp/Documents/Unreal Projects/SeriousGame/Content/Characters/Mannequins/Textures/Quinn/T_Quinn_01ID_D.uexp" 517
"C:/Users/hp/Documents/Unreal Projects/SeriousGame/Content/Characters/Mannequins/Textures/Quinn/T_Quinn_01ID_Tan.ubulk" 518
"C:/Users/hp/Documents/Unreal Projects/SeriousGame/Content/Characters/Mannequins/Textures/Quinn/T_Quinn_01ID_Tan.uasset" 519
"C:/Users/hp/Documents/Unreal Projects/SeriousGame/Content/Characters/Mannequins/Textures/Quinn/T_Quinn_01ID_Tan.uexp" 520
"C:/Users/hp/Documents/Unreal Projects/SeriousGame/Content/Characters/Mannequins/Textures/Quinn/T_Quinn_01_CCRCCPlastic_MSK.ubulk" 521
"C:/Users/hp/Documents/Unreal Projects/SeriousGame/Content/Characters/Mannequins/Textures/Quinn/T_Quinn_01_CCRCCPlastic_MSK.uasset" 522
"C:/Users/hp/Documents/Unreal Projects/SeriousGame/Content/Characters/Mannequins/Textures/Quinn/T_Quinn_01_CCRCCPlastic_MSK.uexp" 523
"C:/Users/hp/Documents/Unreal Projects/SeriousGame/Content/Characters/Mannequins/Materials/Instances/Quinn/MI_Quinn_01.uasset" 524
"C:/Users/hp/Documents/Unreal Projects/SeriousGame/Content/Characters/Mannequins/Materials/Instances/Quinn/MI_Quinn_01.uexp" 525
"C:/Users/hp/Documents/Unreal Projects/SeriousGame/Content/Characters/Mannequins/Textures/Quinn/T_Quinn_02ID_N.ubulk" 526
"C:/Users/hp/Documents/Unreal Projects/SeriousGame/Content/Characters/Mannequins/Textures/Quinn/T_Quinn_02ID_N.uasset" 527
"C:/Users/hp/Documents/Unreal Projects/SeriousGame/Content/Characters/Mannequins/Textures/Quinn/T_Quinn_02ID_N.uexp" 528
"C:/Users/hp/Documents/Unreal Projects/SeriousGame/Content/Characters/Mannequins/Materials/Instances/Quinn/MI_Quinn_02.uasset" 529
"C:/Users/hp/Documents/Unreal Projects/SeriousGame/Content/Characters/Mannequins/Materials/Instances/Quinn/MI_Quinn_02.uexp" 530
"C:/Users/hp/Documents/Unreal Projects/SeriousGame/Content/Characters/Mannequins/Rigs/PA_Mannequin.uasset" 531
"C:/Users/hp/Documents/Unreal Projects/SeriousGame/Content/Characters/Mannequins/Rigs/PA_Mannequin.uexp" 532
"C:/Users/hp/Documents/Unreal Projects/SeriousGame/Content/Characters/Mannequins/Meshes/SKM_Quinn_Simple.uasset" 533
"C:/Users/hp/Documents/Unreal Projects/SeriousGame/Content/Characters/Mannequins/Meshes/SKM_Quinn_Simple.uexp" 534
"C:/Users/hp/Documents/Unreal Projects/SeriousGame/Content/UI/Pause_menu/settings-icon.ubulk" 535
"C:/Users/hp/Documents/Unreal Projects/SeriousGame/Content/UI/Pause_menu/settings-icon.uasset" 536
"C:/Users/hp/Documents/Unreal Projects/SeriousGame/Content/UI/Pause_menu/settings-icon.uexp" 537
"C:/Users/hp/Documents/Unreal Projects/SeriousGame/Content/UI/Pause_menu/exit-button-image.ubulk" 538
"C:/Users/hp/Documents/Unreal Projects/SeriousGame/Content/UI/Pause_menu/exit-button-image.uasset" 539
"C:/Users/hp/Documents/Unreal Projects/SeriousGame/Content/UI/Pause_menu/exit-button-image.uexp" 540
"C:/Users/hp/Documents/Unreal Projects/SeriousGame/Content/UI/Pause_menu/play_button.uasset" 541
"C:/Users/hp/Documents/Unreal Projects/SeriousGame/Content/UI/Pause_menu/play_button.uexp" 542
"C:/Users/hp/Documents/Unreal Projects/SeriousGame/Content/UI/Pause_menu/WB_PauseMenu.uasset" 543
"C:/Users/hp/Documents/Unreal Projects/SeriousGame/Content/UI/Pause_menu/WB_PauseMenu.uexp" 544
"C:/Users/hp/Documents/Unreal Projects/SeriousGame/Content/UI/InGame_UI/WB_InGameUI.uasset" 545
"C:/Users/hp/Documents/Unreal Projects/SeriousGame/Content/UI/InGame_UI/WB_InGameUI.uexp" 546
"C:/Users/hp/Documents/Unreal Projects/SeriousGame/Content/ThirdPerson/Input/Actions/IA_Jump.uasset" 547
"C:/Users/hp/Documents/Unreal Projects/SeriousGame/Content/ThirdPerson/Input/Actions/IA_Jump.uexp" 548
"C:/Users/hp/Documents/Unreal Projects/SeriousGame/Content/ThirdPerson/Input/Actions/IA_Look.uasset" 549
"C:/Users/hp/Documents/Unreal Projects/SeriousGame/Content/ThirdPerson/Input/Actions/IA_Look.uexp" 550
"C:/Users/hp/Documents/Unreal Projects/SeriousGame/Content/ThirdPerson/Input/Actions/IA_Move.uasset" 551
"C:/Users/hp/Documents/Unreal Projects/SeriousGame/Content/ThirdPerson/Input/Actions/IA_Move.uexp" 552
"C:/Users/hp/Documents/Unreal Projects/SeriousGame/Content/ThirdPerson/Input/IMC_Default.uasset" 553
"C:/Users/hp/Documents/Unreal Projects/SeriousGame/Content/ThirdPerson/Input/IMC_Default.uexp" 554
"../../../Engine/Content/Animation/DefaultAnimCurveCompressionSettings.uasset" 555
"../../../Engine/Content/Animation/DefaultAnimCurveCompressionSettings.uexp" 556
"../../../Engine/Content/Animation/DefaultAnimBoneCompressionSettings.uasset" 557
"../../../Engine/Content/Animation/DefaultAnimBoneCompressionSettings.uexp" 558
"C:/Users/hp/Documents/Unreal Projects/SeriousGame/Content/Characters/Mannequins/Animations/Quinn/MF_Run_Fwd.uasset" 559
"C:/Users/hp/Documents/Unreal Projects/SeriousGame/Content/Characters/Mannequins/Animations/Quinn/MF_Run_Fwd.uexp" 560
"C:/Users/hp/Documents/Unreal Projects/SeriousGame/Content/Characters/Mannequins/Animations/Quinn/MF_Walk_Fwd.uasset" 561
"C:/Users/hp/Documents/Unreal Projects/SeriousGame/Content/Characters/Mannequins/Animations/Quinn/MF_Walk_Fwd.uexp" 562
"../../../Engine/Content/Animation/DefaultRecorderBoneCompression.uasset" 563
"../../../Engine/Content/Animation/DefaultRecorderBoneCompression.uexp" 564
"C:/Users/hp/Documents/Unreal Projects/SeriousGame/Content/Characters/Mannequins/Animations/Manny/MM_Walk_InPlace.uasset" 565
"C:/Users/hp/Documents/Unreal Projects/SeriousGame/Content/Characters/Mannequins/Animations/Manny/MM_Walk_InPlace.uexp" 566
"C:/Users/hp/Documents/Unreal Projects/SeriousGame/Content/Characters/Mannequins/Animations/Quinn/BS_MF_Unarmed_WalkRun.uasset" 567
"C:/Users/hp/Documents/Unreal Projects/SeriousGame/Content/Characters/Mannequins/Animations/Quinn/BS_MF_Unarmed_WalkRun.uexp" 568
"C:/Users/hp/Documents/Unreal Projects/SeriousGame/Content/Characters/Mannequins/Animations/Quinn/MF_Idle.uasset" 569
"C:/Users/hp/Documents/Unreal Projects/SeriousGame/Content/Characters/Mannequins/Animations/Quinn/MF_Idle.uexp" 570
"../../../Engine/Content/Animation/DefaultVariableFrameStrippingSettings.uasset" 571
"../../../Engine/Content/Animation/DefaultVariableFrameStrippingSettings.uexp" 572
"C:/Users/hp/Documents/Unreal Projects/SeriousGame/Content/Characters/Mannequins/Animations/Manny/MM_Fall_Loop.uasset" 573
"C:/Users/hp/Documents/Unreal Projects/SeriousGame/Content/Characters/Mannequins/Animations/Manny/MM_Fall_Loop.uexp" 574
"C:/Users/hp/Documents/Unreal Projects/SeriousGame/Content/Characters/Mannequins/Animations/Manny/MM_Jump.uasset" 575
"C:/Users/hp/Documents/Unreal Projects/SeriousGame/Content/Characters/Mannequins/Animations/Manny/MM_Jump.uexp" 576
"../../../Engine/Plugins/Animation/ControlRig/Content/Controls/DefaultGizmoLibrary.uasset" 577
"../../../Engine/Plugins/Animation/ControlRig/Content/Controls/DefaultGizmoLibrary.uexp" 578
"C:/Users/hp/Documents/Unreal Projects/SeriousGame/Content/Characters/Mannequins/Rigs/CR_Mannequin_BasicFootIK.uasset" 579
"C:/Users/hp/Documents/Unreal Projects/SeriousGame/Content/Characters/Mannequins/Rigs/CR_Mannequin_BasicFootIK.uexp" 580
"C:/Users/hp/Documents/Unreal Projects/SeriousGame/Content/Characters/Mannequins/Animations/Manny/MM_Run_Fwd.uasset" 581
"C:/Users/hp/Documents/Unreal Projects/SeriousGame/Content/Characters/Mannequins/Animations/Manny/MM_Run_Fwd.uexp" 582
"C:/Users/hp/Documents/Unreal Projects/SeriousGame/Content/Characters/Mannequins/Animations/Manny/MM_Walk_Fwd.uasset" 583
"C:/Users/hp/Documents/Unreal Projects/SeriousGame/Content/Characters/Mannequins/Animations/Manny/MM_Walk_Fwd.uexp" 584
"C:/Users/hp/Documents/Unreal Projects/SeriousGame/Content/Characters/Mannequins/Animations/Manny/BS_MM_WalkRun.uasset" 585
"C:/Users/hp/Documents/Unreal Projects/SeriousGame/Content/Characters/Mannequins/Animations/Manny/BS_MM_WalkRun.uexp" 586
"C:/Users/hp/Documents/Unreal Projects/SeriousGame/Content/Characters/Mannequins/Animations/Manny/MM_Land.uasset" 587
"C:/Users/hp/Documents/Unreal Projects/SeriousGame/Content/Characters/Mannequins/Animations/Manny/MM_Land.uexp" 588
"C:/Users/hp/Documents/Unreal Projects/SeriousGame/Content/Characters/Mannequins/Animations/Manny/MM_Idle.uasset" 589
"C:/Users/hp/Documents/Unreal Projects/SeriousGame/Content/Characters/Mannequins/Animations/Manny/MM_Idle.uexp" 590
"C:/Users/hp/Documents/Unreal Projects/SeriousGame/Content/Characters/Mannequins/Animations/ABP_Manny.uasset" 591
"C:/Users/hp/Documents/Unreal Projects/SeriousGame/Content/Characters/Mannequins/Animations/ABP_Manny.uexp" 592
"C:/Users/hp/Documents/Unreal Projects/SeriousGame/Content/Characters/Mannequins/Animations/ABP_Quinn.uasset" 593
"C:/Users/hp/Documents/Unreal Projects/SeriousGame/Content/Characters/Mannequins/Animations/ABP_Quinn.uexp" 594
"C:/Users/hp/Documents/Unreal Projects/SeriousGame/Content/ThirdPerson/Blueprints/BP_ThirdPersonCharacter.uasset" 595
"C:/Users/hp/Documents/Unreal Projects/SeriousGame/Content/ThirdPerson/Blueprints/BP_ThirdPersonCharacter.uexp" 596
"C:/Users/hp/Documents/Unreal Projects/SeriousGame/Content/ThirdPerson/Blueprints/BP_ThirdPersonGameMode.uasset" 597
"C:/Users/hp/Documents/Unreal Projects/SeriousGame/Content/ThirdPerson/Blueprints/BP_ThirdPersonGameMode.uexp" 598
"../../../Engine/Content/Functions/Engine_MaterialFunctions02/Math/AddComponents.uasset" 599
"../../../Engine/Content/Functions/Engine_MaterialFunctions02/Math/AddComponents.uexp" 600
"../../../Engine/Content/Functions/Engine_MaterialFunctions01/Texturing/FlattenNormal.uasset" 601
"../../../Engine/Content/Functions/Engine_MaterialFunctions01/Texturing/FlattenNormal.uexp" 602
"../../../Engine/Content/EngineSky/VolumetricClouds/CloudWeatherTexture.uasset" 603
"../../../Engine/Content/EngineSky/VolumetricClouds/CloudWeatherTexture.uexp" 604
"../../../Engine/Content/Functions/Engine_MaterialFunctions02/Utility/MakeFloat2.uasset" 605
"../../../Engine/Content/Functions/Engine_MaterialFunctions02/Utility/MakeFloat2.uexp" 606
"../../../Engine/Content/EngineSky/VolumetricClouds/CloudGradientTexture.uasset" 607
"../../../Engine/Content/EngineSky/VolumetricClouds/CloudGradientTexture.uexp" 608
"../../../Engine/Content/EngineSky/VolumetricClouds/T_NoiseShape64.ubulk" 609
"../../../Engine/Content/EngineSky/VolumetricClouds/T_NoiseShape64.uasset" 610
"../../../Engine/Content/EngineSky/VolumetricClouds/T_NoiseShape64.uexp" 611
"../../../Engine/Content/EngineSky/VolumetricClouds/T_VolumeNoiseShape64.uasset" 612
"../../../Engine/Content/EngineSky/VolumetricClouds/T_VolumeNoiseShape64.uexp" 613
"../../../Engine/Content/EngineSky/VolumetricClouds/T_NoiseErosion.ubulk" 614
"../../../Engine/Content/EngineSky/VolumetricClouds/T_NoiseErosion.uasset" 615
"../../../Engine/Content/EngineSky/VolumetricClouds/T_NoiseErosion.uexp" 616
"../../../Engine/Content/EngineSky/VolumetricClouds/T_VolumeNoiseErosion32.uasset" 617
"../../../Engine/Content/EngineSky/VolumetricClouds/T_VolumeNoiseErosion32.uexp" 618
"../../../Engine/Content/EngineSky/VolumetricClouds/m_SimpleVolumetricCloud.uasset" 619
"../../../Engine/Content/EngineSky/VolumetricClouds/m_SimpleVolumetricCloud.uexp" 620
"../../../Engine/Content/EngineSky/VolumetricClouds/m_SimpleVolumetricCloud_Inst.uasset" 621
"../../../Engine/Content/EngineSky/VolumetricClouds/m_SimpleVolumetricCloud_Inst.uexp" 622
"../../../Engine/Content/EngineResources/FilmGrains/Marcie_Grain_v3_128_M2_000.uasset" 623
"../../../Engine/Content/EngineResources/FilmGrains/Marcie_Grain_v3_128_M2_000.uexp" 624
"../../../Engine/Content/Functions/Engine_MaterialFunctions01/Shading/PowerToRoughness.uasset" 625
"../../../Engine/Content/Functions/Engine_MaterialFunctions01/Shading/PowerToRoughness.uexp" 626
"../../../Engine/Content/Functions/Engine_MaterialFunctions01/Shading/ConvertFromDiffSpec.uasset" 627
"../../../Engine/Content/Functions/Engine_MaterialFunctions01/Shading/ConvertFromDiffSpec.uexp" 628
"../../../Engine/Content/EngineMaterials/Substrate/Volume/SubstrateSimpleVolumeLUT3D.uasset" 629
"../../../Engine/Content/EngineMaterials/Substrate/Volume/SubstrateSimpleVolumeLUT3D.uexp" 630
"../../../Engine/Content/EngineMaterials/Substrate/Volume/SubstrateSimpleVolumeEnvLUT3D.uasset" 631
"../../../Engine/Content/EngineMaterials/Substrate/Volume/SubstrateSimpleVolumeEnvLUT3D.uexp" 632
"../../../Engine/Content/EngineMaterials/Substrate/GLints2/AGlintTex2dArray2.uasset" 633
"../../../Engine/Content/EngineMaterials/Substrate/GLints2/AGlintTex2dArray2.uexp" 634
"../../../Engine/Content/EngineMaterials/Substrate/GLints/AGlintTex2dArray.uasset" 635
"../../../Engine/Content/EngineMaterials/Substrate/GLints/AGlintTex2dArray.uexp" 636
"../../../Engine/Content/Maps/Entry_BuiltData.uasset" 637
"../../../Engine/Content/Maps/Entry_BuiltData.uexp" 638
"../../../Engine/Content/Maps/Entry.uexp" 639
"../../../Engine/Content/Maps/Entry.umap" 640
"C:/Users/hp/Documents/Unreal Projects/SeriousGame/Content/UI/Intro_Animation/Loading_0_.uasset" 641
"C:/Users/hp/Documents/Unreal Projects/SeriousGame/Content/UI/Intro_Animation/Loading_0_.uexp" 642
"C:/Users/hp/Documents/Unreal Projects/SeriousGame/Content/UI/Intro_Animation/WB_Loading0.uasset" 643
"C:/Users/hp/Documents/Unreal Projects/SeriousGame/Content/UI/Intro_Animation/WB_Loading0.uexp" 644
"C:/Users/hp/Documents/Unreal Projects/SeriousGame/Content/UI/Intro_Animation/game-intro-sound.ubulk" 645
"C:/Users/hp/Documents/Unreal Projects/SeriousGame/Content/UI/Intro_Animation/game-intro-sound.uasset" 646
"C:/Users/hp/Documents/Unreal Projects/SeriousGame/Content/UI/Intro_Animation/game-intro-sound.uexp" 647
"C:/Users/hp/Documents/Unreal Projects/SeriousGame/Content/UI/Intro_Animation/Loading_99_.uasset" 648
"C:/Users/hp/Documents/Unreal Projects/SeriousGame/Content/UI/Intro_Animation/Loading_99_.uexp" 649
"C:/Users/hp/Documents/Unreal Projects/SeriousGame/Content/UI/Intro_Animation/WB_Loading99.uasset" 650
"C:/Users/hp/Documents/Unreal Projects/SeriousGame/Content/UI/Intro_Animation/WB_Loading99.uexp" 651
"C:/Users/hp/Documents/Unreal Projects/SeriousGame/Content/UI/Intro_Animation/Loading_50_.uasset" 652
"C:/Users/hp/Documents/Unreal Projects/SeriousGame/Content/UI/Intro_Animation/Loading_50_.uexp" 653
"C:/Users/hp/Documents/Unreal Projects/SeriousGame/Content/UI/Intro_Animation/WB_Loading50.uasset" 654
"C:/Users/hp/Documents/Unreal Projects/SeriousGame/Content/UI/Intro_Animation/WB_Loading50.uexp" 655
"C:/Users/hp/Documents/Unreal Projects/SeriousGame/Content/UI/Main_Menu/Main_Main_gamemode.uasset" 656
"C:/Users/hp/Documents/Unreal Projects/SeriousGame/Content/UI/Main_Menu/Main_Main_gamemode.uexp" 657
"C:/Users/hp/Documents/Unreal Projects/SeriousGame/Content/UI/Main_Menu/main_menu_photo.uasset" 658
"C:/Users/hp/Documents/Unreal Projects/SeriousGame/Content/UI/Main_Menu/main_menu_photo.uexp" 659
"C:/Users/hp/Documents/Unreal Projects/SeriousGame/Content/UI/Select_Environment_menu/water_level_image.uasset" 660
"C:/Users/hp/Documents/Unreal Projects/SeriousGame/Content/UI/Select_Environment_menu/water_level_image.uexp" 661
"C:/Users/hp/Documents/Unreal Projects/SeriousGame/Content/UI/Select_Environment_menu/land_level_image.uasset" 662
"C:/Users/hp/Documents/Unreal Projects/SeriousGame/Content/UI/Select_Environment_menu/land_level_image.uexp" 663
"C:/Users/hp/Documents/Unreal Projects/SeriousGame/Content/UI/Select_Environment_menu/WB_Select_Environment_Menu.uasset" 664
"C:/Users/hp/Documents/Unreal Projects/SeriousGame/Content/UI/Select_Environment_menu/WB_Select_Environment_Menu.uexp" 665
"C:/Users/hp/Documents/Unreal Projects/SeriousGame/Content/UI/Main_Menu/WB_Main_Menu.uasset" 666
"C:/Users/hp/Documents/Unreal Projects/SeriousGame/Content/UI/Main_Menu/WB_Main_Menu.uexp" 667
"C:/Users/hp/Documents/Unreal Projects/SeriousGame/Content/UI/Intro_Animation/Loading_100_.uasset" 668
"C:/Users/hp/Documents/Unreal Projects/SeriousGame/Content/UI/Intro_Animation/Loading_100_.uexp" 669
"C:/Users/hp/Documents/Unreal Projects/SeriousGame/Content/UI/Intro_Animation/WB_Loading100.uasset" 670
"C:/Users/hp/Documents/Unreal Projects/SeriousGame/Content/UI/Intro_Animation/WB_Loading100.uexp" 671
"C:/Users/hp/Documents/Unreal Projects/SeriousGame/Content/UI/Intro_Animation/WB_BlackScreen.uasset" 672
"C:/Users/hp/Documents/Unreal Projects/SeriousGame/Content/UI/Intro_Animation/WB_BlackScreen.uexp" 673
"C:/Users/hp/Documents/Unreal Projects/SeriousGame/Content/UI/Intro_Animation/ByDefault_Games_-_logo1.uasset" 674
"C:/Users/hp/Documents/Unreal Projects/SeriousGame/Content/UI/Intro_Animation/ByDefault_Games_-_logo1.uexp" 675
"C:/Users/hp/Documents/Unreal Projects/SeriousGame/Content/UI/Intro_Animation/WB_GameLogo.uasset" 676
"C:/Users/hp/Documents/Unreal Projects/SeriousGame/Content/UI/Intro_Animation/WB_GameLogo.uexp" 677
"C:/Users/hp/Documents/Unreal Projects/SeriousGame/Content/UI/Main_Menu/Main_Menu_map.uexp" 678
"C:/Users/hp/Documents/Unreal Projects/SeriousGame/Content/UI/Main_Menu/Main_Menu_map.umap" 679
"C:/Users/hp/Documents/Unreal Projects/SeriousGame/Content/UI/Intro_Animation/Intro_Gamemode.uasset" 680
"C:/Users/hp/Documents/Unreal Projects/SeriousGame/Content/UI/Intro_Animation/Intro_Gamemode.uexp" 681
"C:/Users/hp/Documents/Unreal Projects/SeriousGame/Content/UI/Intro_Animation/GameIntro_map.uexp" 682
"C:/Users/hp/Documents/Unreal Projects/SeriousGame/Content/UI/Intro_Animation/GameIntro_map.umap" 683
"C:/Users/hp/Documents/Unreal Projects/SeriousGame/Content/Megascans/3D_Plants/Field_Poppy_vmcobd0ja/T_Field_Poppy_vmcobd0ja_4K_D.ubulk" 684
"C:/Users/hp/Documents/Unreal Projects/SeriousGame/Content/Megascans/3D_Plants/Field_Poppy_vmcobd0ja/T_Field_Poppy_vmcobd0ja_4K_D.uasset" 685
"C:/Users/hp/Documents/Unreal Projects/SeriousGame/Content/Megascans/3D_Plants/Field_Poppy_vmcobd0ja/T_Field_Poppy_vmcobd0ja_4K_D.uexp" 686
"C:/Users/hp/Documents/Unreal Projects/SeriousGame/Content/Megascans/3D_Plants/Field_Poppy_vmcobd0ja/T_Field_Poppy_vmcobd0ja_4K_N.ubulk" 687
"C:/Users/hp/Documents/Unreal Projects/SeriousGame/Content/Megascans/3D_Plants/Field_Poppy_vmcobd0ja/T_Field_Poppy_vmcobd0ja_4K_N.uasset" 688
"C:/Users/hp/Documents/Unreal Projects/SeriousGame/Content/Megascans/3D_Plants/Field_Poppy_vmcobd0ja/T_Field_Poppy_vmcobd0ja_4K_N.uexp" 689
"C:/Users/hp/Documents/Unreal Projects/SeriousGame/Content/Megascans/3D_Plants/Field_Poppy_vmcobd0ja/T_FieldPoppy_vmcobd0ja_4K_ART.ubulk" 690
"C:/Users/hp/Documents/Unreal Projects/SeriousGame/Content/Megascans/3D_Plants/Field_Poppy_vmcobd0ja/T_FieldPoppy_vmcobd0ja_4K_ART.uasset" 691
"C:/Users/hp/Documents/Unreal Projects/SeriousGame/Content/Megascans/3D_Plants/Field_Poppy_vmcobd0ja/T_FieldPoppy_vmcobd0ja_4K_ART.uexp" 692
"../../../Engine/Content/Functions/Engine_MaterialFunctions01/SpeedTree/SpeedTreeColorVariation.uasset" 693
"../../../Engine/Content/Functions/Engine_MaterialFunctions01/SpeedTree/SpeedTreeColorVariation.uexp" 694
"../../../Engine/Content/EngineMaterials/BlendFunc_DefBlend.uasset" 695
"../../../Engine/Content/EngineMaterials/BlendFunc_DefBlend.uexp" 696
"../../../Engine/Content/EngineMaterials/BlendFunc_DefBase.uasset" 697
"../../../Engine/Content/EngineMaterials/BlendFunc_DefBase.uexp" 698
"../../../Engine/Content/Functions/Engine_MaterialFunctions03/Blends/Blend_Overlay.uasset" 699
"../../../Engine/Content/Functions/Engine_MaterialFunctions03/Blends/Blend_Overlay.uexp" 700
"../../../Engine/Content/Functions/Engine_MaterialFunctions01/WorldPositionOffset/SimpleGrassWind.uasset" 701
"../../../Engine/Content/Functions/Engine_MaterialFunctions01/WorldPositionOffset/SimpleGrassWind.uexp" 702
"C:/Users/hp/Documents/Unreal Projects/SeriousGame/Content/MSPresets/M_MS_Foliage_Material/M_MS_Foliage_Material.uasset" 703
"C:/Users/hp/Documents/Unreal Projects/SeriousGame/Content/MSPresets/M_MS_Foliage_Material/M_MS_Foliage_Material.uexp" 704
"C:/Users/hp/Documents/Unreal Projects/SeriousGame/Content/Megascans/3D_Plants/Field_Poppy_vmcobd0ja/MI_Field_Poppy_vmcobd0ja_4K.uasset" 705
"C:/Users/hp/Documents/Unreal Projects/SeriousGame/Content/Megascans/3D_Plants/Field_Poppy_vmcobd0ja/MI_Field_Poppy_vmcobd0ja_4K.uexp" 706
"C:/Users/hp/Documents/Unreal Projects/SeriousGame/Content/Megascans/3D_Plants/Field_Poppy_vmcobd0ja/T_Field_Poppy_vmcobd0ja_Billboard_N.ubulk" 707
"C:/Users/hp/Documents/Unreal Projects/SeriousGame/Content/Megascans/3D_Plants/Field_Poppy_vmcobd0ja/T_Field_Poppy_vmcobd0ja_Billboard_N.uasset" 708
"C:/Users/hp/Documents/Unreal Projects/SeriousGame/Content/Megascans/3D_Plants/Field_Poppy_vmcobd0ja/T_Field_Poppy_vmcobd0ja_Billboard_N.uexp" 709
"C:/Users/hp/Documents/Unreal Projects/SeriousGame/Content/Megascans/3D_Plants/Field_Poppy_vmcobd0ja/T_Field_Poppy_vmcobd0ja_Billboard_D.ubulk" 710
"C:/Users/hp/Documents/Unreal Projects/SeriousGame/Content/Megascans/3D_Plants/Field_Poppy_vmcobd0ja/T_Field_Poppy_vmcobd0ja_Billboard_D.uasset" 711
"C:/Users/hp/Documents/Unreal Projects/SeriousGame/Content/Megascans/3D_Plants/Field_Poppy_vmcobd0ja/T_Field_Poppy_vmcobd0ja_Billboard_D.uexp" 712
"C:/Users/hp/Documents/Unreal Projects/SeriousGame/Content/Megascans/3D_Plants/Field_Poppy_vmcobd0ja/T_FieldPoppy_vmcobd0ja_4K_billboard_ART.ubulk" 713
"C:/Users/hp/Documents/Unreal Projects/SeriousGame/Content/Megascans/3D_Plants/Field_Poppy_vmcobd0ja/T_FieldPoppy_vmcobd0ja_4K_billboard_ART.uasset" 714
"C:/Users/hp/Documents/Unreal Projects/SeriousGame/Content/Megascans/3D_Plants/Field_Poppy_vmcobd0ja/T_FieldPoppy_vmcobd0ja_4K_billboard_ART.uexp" 715
"../../../Engine/Content/Functions/Engine_MaterialFunctions02/Utility/VectorToRadialValue.uasset" 716
"../../../Engine/Content/Functions/Engine_MaterialFunctions02/Utility/VectorToRadialValue.uexp" 717
"../../../Engine/Content/ArtTools/RenderToTexture/MaterialFunctions/FoliageZRotation.uasset" 718
"../../../Engine/Content/ArtTools/RenderToTexture/MaterialFunctions/FoliageZRotation.uexp" 719
"../../../Engine/Content/Functions/Engine_MaterialFunctions02/WorldPositionOffset/ObjectPivotPoint.uasset" 720
"../../../Engine/Content/Functions/Engine_MaterialFunctions02/WorldPositionOffset/ObjectPivotPoint.uexp" 721
"C:/Users/hp/Documents/Unreal Projects/SeriousGame/Content/MSPresets/M_MS_Billboard_Material/M_MS_Billboard_Material.uasset" 722
"C:/Users/hp/Documents/Unreal Projects/SeriousGame/Content/MSPresets/M_MS_Billboard_Material/M_MS_Billboard_Material.uexp" 723
"C:/Users/hp/Documents/Unreal Projects/SeriousGame/Content/Megascans/3D_Plants/Field_Poppy_vmcobd0ja/MI_Field_Poppy_vmcobd0ja_Billboard_4K.uasset" 724
"C:/Users/hp/Documents/Unreal Projects/SeriousGame/Content/Megascans/3D_Plants/Field_Poppy_vmcobd0ja/MI_Field_Poppy_vmcobd0ja_Billboard_4K.uexp" 725
"C:/Users/hp/Documents/Unreal Projects/SeriousGame/Content/Megascans/3D_Plants/Field_Poppy_vmcobd0ja/S_Field_Poppy_vmcobd0ja_Var6_lod0.ubulk" 726
"C:/Users/hp/Documents/Unreal Projects/SeriousGame/Content/Megascans/3D_Plants/Field_Poppy_vmcobd0ja/S_Field_Poppy_vmcobd0ja_Var6_lod0.uasset" 727
"C:/Users/hp/Documents/Unreal Projects/SeriousGame/Content/Megascans/3D_Plants/Field_Poppy_vmcobd0ja/S_Field_Poppy_vmcobd0ja_Var6_lod0.uexp" 728
"C:/Users/hp/Documents/Unreal Projects/SeriousGame/Content/Megascans/3D_Plants/Field_Poppy_vmcobd0ja/Foliage/FT_Field_Poppy_vmcobd0ja_Var6_lod0.uasset" 729
"C:/Users/hp/Documents/Unreal Projects/SeriousGame/Content/Megascans/3D_Plants/Field_Poppy_vmcobd0ja/Foliage/FT_Field_Poppy_vmcobd0ja_Var6_lod0.uexp" 730
"C:/Users/hp/Documents/Unreal Projects/SeriousGame/Content/Megascans/3D_Plants/Field_Poppy_vmcobd0ja/S_Field_Poppy_vmcobd0ja_Var3_lod0.ubulk" 731
"C:/Users/hp/Documents/Unreal Projects/SeriousGame/Content/Megascans/3D_Plants/Field_Poppy_vmcobd0ja/S_Field_Poppy_vmcobd0ja_Var3_lod0.uasset" 732
"C:/Users/hp/Documents/Unreal Projects/SeriousGame/Content/Megascans/3D_Plants/Field_Poppy_vmcobd0ja/S_Field_Poppy_vmcobd0ja_Var3_lod0.uexp" 733
"C:/Users/hp/Documents/Unreal Projects/SeriousGame/Content/Megascans/3D_Plants/Field_Poppy_vmcobd0ja/Foliage/FT_Field_Poppy_vmcobd0ja_Var3_lod0.uasset" 734
"C:/Users/hp/Documents/Unreal Projects/SeriousGame/Content/Megascans/3D_Plants/Field_Poppy_vmcobd0ja/Foliage/FT_Field_Poppy_vmcobd0ja_Var3_lod0.uexp" 735
"C:/Users/hp/Documents/Unreal Projects/SeriousGame/Content/Megascans/3D_Plants/Field_Poppy_vmcobd0ja/S_Field_Poppy_vmcobd0ja_Var7_lod0.ubulk" 736
"C:/Users/hp/Documents/Unreal Projects/SeriousGame/Content/Megascans/3D_Plants/Field_Poppy_vmcobd0ja/S_Field_Poppy_vmcobd0ja_Var7_lod0.uasset" 737
"C:/Users/hp/Documents/Unreal Projects/SeriousGame/Content/Megascans/3D_Plants/Field_Poppy_vmcobd0ja/S_Field_Poppy_vmcobd0ja_Var7_lod0.uexp" 738
"C:/Users/hp/Documents/Unreal Projects/SeriousGame/Content/Megascans/3D_Plants/Field_Poppy_vmcobd0ja/Foliage/FT_Field_Poppy_vmcobd0ja_Var7_lod0.uasset" 739
"C:/Users/hp/Documents/Unreal Projects/SeriousGame/Content/Megascans/3D_Plants/Field_Poppy_vmcobd0ja/Foliage/FT_Field_Poppy_vmcobd0ja_Var7_lod0.uexp" 740
"C:/Users/hp/Documents/Unreal Projects/SeriousGame/Content/Megascans/3D_Plants/Field_Poppy_vmcobd0ja/S_Field_Poppy_vmcobd0ja_Var1_lod0.ubulk" 741
"C:/Users/hp/Documents/Unreal Projects/SeriousGame/Content/Megascans/3D_Plants/Field_Poppy_vmcobd0ja/S_Field_Poppy_vmcobd0ja_Var1_lod0.uasset" 742
"C:/Users/hp/Documents/Unreal Projects/SeriousGame/Content/Megascans/3D_Plants/Field_Poppy_vmcobd0ja/S_Field_Poppy_vmcobd0ja_Var1_lod0.uexp" 743
"C:/Users/hp/Documents/Unreal Projects/SeriousGame/Content/Megascans/3D_Plants/Field_Poppy_vmcobd0ja/Foliage/FT_Field_Poppy_vmcobd0ja_Var1_lod0.uasset" 744
"C:/Users/hp/Documents/Unreal Projects/SeriousGame/Content/Megascans/3D_Plants/Field_Poppy_vmcobd0ja/Foliage/FT_Field_Poppy_vmcobd0ja_Var1_lod0.uexp" 745
"C:/Users/hp/Documents/Unreal Projects/SeriousGame/Content/Megascans/3D_Plants/Field_Poppy_vmcobd0ja/S_Field_Poppy_vmcobd0ja_Var9_lod0.ubulk" 746
"C:/Users/hp/Documents/Unreal Projects/SeriousGame/Content/Megascans/3D_Plants/Field_Poppy_vmcobd0ja/S_Field_Poppy_vmcobd0ja_Var9_lod0.uasset" 747
"C:/Users/hp/Documents/Unreal Projects/SeriousGame/Content/Megascans/3D_Plants/Field_Poppy_vmcobd0ja/S_Field_Poppy_vmcobd0ja_Var9_lod0.uexp" 748
"C:/Users/hp/Documents/Unreal Projects/SeriousGame/Content/Megascans/3D_Plants/Field_Poppy_vmcobd0ja/Foliage/FT_Field_Poppy_vmcobd0ja_Var9_lod0.uasset" 749
"C:/Users/hp/Documents/Unreal Projects/SeriousGame/Content/Megascans/3D_Plants/Field_Poppy_vmcobd0ja/Foliage/FT_Field_Poppy_vmcobd0ja_Var9_lod0.uexp" 750
"../../../Engine/Content/EngineSky/T_Sky_Stars.ubulk" 751
"../../../Engine/Content/EngineSky/T_Sky_Stars.uasset" 752
"../../../Engine/Content/EngineSky/T_Sky_Stars.uexp" 753
"../../../Engine/Content/EngineSky/T_Sky_Clouds_M.ubulk" 754
"../../../Engine/Content/EngineSky/T_Sky_Clouds_M.uasset" 755
"../../../Engine/Content/EngineSky/T_Sky_Clouds_M.uexp" 756
"../../../Engine/Content/EngineSky/T_Sky_Blue.ubulk" 757
"../../../Engine/Content/EngineSky/T_Sky_Blue.uasset" 758
"../../../Engine/Content/EngineSky/T_Sky_Blue.uexp" 759
"../../../Engine/Content/EngineSky/M_Sky_Panning_Clouds2.uasset" 760
"../../../Engine/Content/EngineSky/M_Sky_Panning_Clouds2.uexp" 761
"../../../Engine/Content/EngineSky/SM_SkySphere.ubulk" 762
"../../../Engine/Content/EngineSky/SM_SkySphere.uasset" 763
"../../../Engine/Content/EngineSky/SM_SkySphere.uexp" 764
"C:/Users/hp/Documents/Unreal Projects/SeriousGame/Content/StarterContent/Textures/T_Water_N.ubulk" 765
"C:/Users/hp/Documents/Unreal Projects/SeriousGame/Content/StarterContent/Textures/T_Water_N.uasset" 766
"C:/Users/hp/Documents/Unreal Projects/SeriousGame/Content/StarterContent/Textures/T_Water_N.uexp" 767
"C:/Users/hp/Documents/Unreal Projects/SeriousGame/Content/StarterContent/Textures/T_Perlin_Noise_M.ubulk" 768
"C:/Users/hp/Documents/Unreal Projects/SeriousGame/Content/StarterContent/Textures/T_Perlin_Noise_M.uasset" 769
"C:/Users/hp/Documents/Unreal Projects/SeriousGame/Content/StarterContent/Textures/T_Perlin_Noise_M.uexp" 770
"C:/Users/hp/Documents/Unreal Projects/SeriousGame/Content/StarterContent/Materials/M_Water_Lake.uasset" 771
"C:/Users/hp/Documents/Unreal Projects/SeriousGame/Content/StarterContent/Materials/M_Water_Lake.uexp" 772
"C:/Users/hp/Documents/Unreal Projects/SeriousGame/Content/StarterContent/Materials/M_Basic_Wall.uasset" 773
"C:/Users/hp/Documents/Unreal Projects/SeriousGame/Content/StarterContent/Materials/M_Basic_Wall.uexp" 774
"C:/Users/hp/Documents/Unreal Projects/SeriousGame/Content/StarterContent/Shapes/Shape_NarrowCapsule.ubulk" 775
"C:/Users/hp/Documents/Unreal Projects/SeriousGame/Content/StarterContent/Shapes/Shape_NarrowCapsule.uasset" 776
"C:/Users/hp/Documents/Unreal Projects/SeriousGame/Content/StarterContent/Shapes/Shape_NarrowCapsule.uexp" 777
"C:/Users/hp/Documents/Unreal Projects/SeriousGame/Content/UI/InGame_UI/button_image_green.uasset" 778
"C:/Users/hp/Documents/Unreal Projects/SeriousGame/Content/UI/InGame_UI/button_image_green.uexp" 779
"C:/Users/hp/Documents/Unreal Projects/SeriousGame/Content/UI/InGame_UI/button_image.uasset" 780
"C:/Users/hp/Documents/Unreal Projects/SeriousGame/Content/UI/InGame_UI/button_image.uexp" 781
"C:/Users/hp/Documents/Unreal Projects/SeriousGame/Content/UI/OnScreen_Info/WB_TrashCollected_Info.uasset" 782
"C:/Users/hp/Documents/Unreal Projects/SeriousGame/Content/UI/OnScreen_Info/WB_TrashCollected_Info.uexp" 783
"C:/Users/hp/Documents/Unreal Projects/SeriousGame/Content/UI/InGame_UI/WB_Take_Button.uasset" 784
"C:/Users/hp/Documents/Unreal Projects/SeriousGame/Content/UI/InGame_UI/WB_Take_Button.uexp" 785
"C:/Users/hp/Documents/Unreal Projects/SeriousGame/Content/Trash_items/BP_TrashBottle.uasset" 786
"C:/Users/hp/Documents/Unreal Projects/SeriousGame/Content/Trash_items/BP_TrashBottle.uexp" 787
"C:/Users/hp/Documents/Unreal Projects/SeriousGame/Content/Megascans/3D_Plants/Field_Poppy_vmcobd0ja/S_Field_Poppy_vmcobd0ja_Var14_lod0.ubulk" 788
"C:/Users/hp/Documents/Unreal Projects/SeriousGame/Content/Megascans/3D_Plants/Field_Poppy_vmcobd0ja/S_Field_Poppy_vmcobd0ja_Var14_lod0.uasset" 789
"C:/Users/hp/Documents/Unreal Projects/SeriousGame/Content/Megascans/3D_Plants/Field_Poppy_vmcobd0ja/S_Field_Poppy_vmcobd0ja_Var14_lod0.uexp" 790
"C:/Users/hp/Documents/Unreal Projects/SeriousGame/Content/Megascans/3D_Plants/Field_Poppy_vmcobd0ja/Foliage/FT_Field_Poppy_vmcobd0ja_Var14_lod0.uasset" 791
"C:/Users/hp/Documents/Unreal Projects/SeriousGame/Content/Megascans/3D_Plants/Field_Poppy_vmcobd0ja/Foliage/FT_Field_Poppy_vmcobd0ja_Var14_lod0.uexp" 792
"C:/Users/hp/Documents/Unreal Projects/SeriousGame/Content/Megascans/3D_Plants/Field_Poppy_vmcobd0ja/S_Field_Poppy_vmcobd0ja_Var8_lod0.ubulk" 793
"C:/Users/hp/Documents/Unreal Projects/SeriousGame/Content/Megascans/3D_Plants/Field_Poppy_vmcobd0ja/S_Field_Poppy_vmcobd0ja_Var8_lod0.uasset" 794
"C:/Users/hp/Documents/Unreal Projects/SeriousGame/Content/Megascans/3D_Plants/Field_Poppy_vmcobd0ja/S_Field_Poppy_vmcobd0ja_Var8_lod0.uexp" 795
"../../../Engine/Content/MapTemplates/SM_Template_Map_Floor.ubulk" 796
"../../../Engine/Content/MapTemplates/SM_Template_Map_Floor.uasset" 797
"../../../Engine/Content/MapTemplates/SM_Template_Map_Floor.uexp" 798
"C:/Users/hp/Documents/Unreal Projects/SeriousGame/Content/Megascans/3D_Plants/Field_Poppy_vmcobd0ja/S_Field_Poppy_vmcobd0ja_Var11_lod0.ubulk" 799
"C:/Users/hp/Documents/Unreal Projects/SeriousGame/Content/Megascans/3D_Plants/Field_Poppy_vmcobd0ja/S_Field_Poppy_vmcobd0ja_Var11_lod0.uasset" 800
"C:/Users/hp/Documents/Unreal Projects/SeriousGame/Content/Megascans/3D_Plants/Field_Poppy_vmcobd0ja/S_Field_Poppy_vmcobd0ja_Var11_lod0.uexp" 801
"C:/Users/hp/Documents/Unreal Projects/SeriousGame/Content/Megascans/3D_Plants/Field_Poppy_vmcobd0ja/Foliage/FT_Field_Poppy_vmcobd0ja_Var11_lod0.uasset" 802
"C:/Users/hp/Documents/Unreal Projects/SeriousGame/Content/Megascans/3D_Plants/Field_Poppy_vmcobd0ja/Foliage/FT_Field_Poppy_vmcobd0ja_Var11_lod0.uexp" 803
"C:/Users/hp/Documents/Unreal Projects/SeriousGame/Content/Megascans/3D_Plants/Field_Poppy_vmcobd0ja/S_Field_Poppy_vmcobd0ja_Var5_lod0.ubulk" 804
"C:/Users/hp/Documents/Unreal Projects/SeriousGame/Content/Megascans/3D_Plants/Field_Poppy_vmcobd0ja/S_Field_Poppy_vmcobd0ja_Var5_lod0.uasset" 805
"C:/Users/hp/Documents/Unreal Projects/SeriousGame/Content/Megascans/3D_Plants/Field_Poppy_vmcobd0ja/S_Field_Poppy_vmcobd0ja_Var5_lod0.uexp" 806
"C:/Users/hp/Documents/Unreal Projects/SeriousGame/Content/Megascans/3D_Plants/Field_Poppy_vmcobd0ja/Foliage/FT_Field_Poppy_vmcobd0ja_Var5_lod0.uasset" 807
"C:/Users/hp/Documents/Unreal Projects/SeriousGame/Content/Megascans/3D_Plants/Field_Poppy_vmcobd0ja/Foliage/FT_Field_Poppy_vmcobd0ja_Var5_lod0.uexp" 808
"C:/Users/hp/Documents/Unreal Projects/SeriousGame/Content/Megascans/3D_Plants/Field_Poppy_vmcobd0ja/Foliage/FT_Field_Poppy_vmcobd0ja_Var8_lod0.uasset" 809
"C:/Users/hp/Documents/Unreal Projects/SeriousGame/Content/Megascans/3D_Plants/Field_Poppy_vmcobd0ja/Foliage/FT_Field_Poppy_vmcobd0ja_Var8_lod0.uexp" 810
"C:/Users/hp/Documents/Unreal Projects/SeriousGame/Content/Megascans/3D_Plants/Field_Poppy_vmcobd0ja/S_Field_Poppy_vmcobd0ja_Var4_lod0.ubulk" 811
"C:/Users/hp/Documents/Unreal Projects/SeriousGame/Content/Megascans/3D_Plants/Field_Poppy_vmcobd0ja/S_Field_Poppy_vmcobd0ja_Var4_lod0.uasset" 812
"C:/Users/hp/Documents/Unreal Projects/SeriousGame/Content/Megascans/3D_Plants/Field_Poppy_vmcobd0ja/S_Field_Poppy_vmcobd0ja_Var4_lod0.uexp" 813
"C:/Users/hp/Documents/Unreal Projects/SeriousGame/Content/Megascans/3D_Plants/Field_Poppy_vmcobd0ja/Foliage/FT_Field_Poppy_vmcobd0ja_Var4_lod0.uasset" 814
"C:/Users/hp/Documents/Unreal Projects/SeriousGame/Content/Megascans/3D_Plants/Field_Poppy_vmcobd0ja/Foliage/FT_Field_Poppy_vmcobd0ja_Var4_lod0.uexp" 815
"C:/Users/hp/Documents/Unreal Projects/SeriousGame/Content/Megascans/3D_Plants/Field_Poppy_vmcobd0ja/S_Field_Poppy_vmcobd0ja_Var10_lod0.ubulk" 816
"C:/Users/hp/Documents/Unreal Projects/SeriousGame/Content/Megascans/3D_Plants/Field_Poppy_vmcobd0ja/S_Field_Poppy_vmcobd0ja_Var10_lod0.uasset" 817
"C:/Users/hp/Documents/Unreal Projects/SeriousGame/Content/Megascans/3D_Plants/Field_Poppy_vmcobd0ja/S_Field_Poppy_vmcobd0ja_Var10_lod0.uexp" 818
"C:/Users/hp/Documents/Unreal Projects/SeriousGame/Content/Megascans/3D_Plants/Field_Poppy_vmcobd0ja/Foliage/FT_Field_Poppy_vmcobd0ja_Var10_lod0.uasset" 819
"C:/Users/hp/Documents/Unreal Projects/SeriousGame/Content/Megascans/3D_Plants/Field_Poppy_vmcobd0ja/Foliage/FT_Field_Poppy_vmcobd0ja_Var10_lod0.uexp" 820
"C:/Users/hp/Documents/Unreal Projects/SeriousGame/Content/Megascans/3D_Plants/Field_Poppy_vmcobd0ja/S_Field_Poppy_vmcobd0ja_Var2_lod0.ubulk" 821
"C:/Users/hp/Documents/Unreal Projects/SeriousGame/Content/Megascans/3D_Plants/Field_Poppy_vmcobd0ja/S_Field_Poppy_vmcobd0ja_Var2_lod0.uasset" 822
"C:/Users/hp/Documents/Unreal Projects/SeriousGame/Content/Megascans/3D_Plants/Field_Poppy_vmcobd0ja/S_Field_Poppy_vmcobd0ja_Var2_lod0.uexp" 823
"C:/Users/hp/Documents/Unreal Projects/SeriousGame/Content/Megascans/3D_Plants/Field_Poppy_vmcobd0ja/Foliage/FT_Field_Poppy_vmcobd0ja_Var2_lod0.uasset" 824
"C:/Users/hp/Documents/Unreal Projects/SeriousGame/Content/Megascans/3D_Plants/Field_Poppy_vmcobd0ja/Foliage/FT_Field_Poppy_vmcobd0ja_Var2_lod0.uexp" 825
"C:/Users/hp/Documents/Unreal Projects/SeriousGame/Content/StarterContent/Textures/T_Statue_M.ubulk" 826
"C:/Users/hp/Documents/Unreal Projects/SeriousGame/Content/StarterContent/Textures/T_Statue_M.uasset" 827
"C:/Users/hp/Documents/Unreal Projects/SeriousGame/Content/StarterContent/Textures/T_Statue_M.uexp" 828
"C:/Users/hp/Documents/Unreal Projects/SeriousGame/Content/StarterContent/Textures/T_Statue_N.ubulk" 829
"C:/Users/hp/Documents/Unreal Projects/SeriousGame/Content/StarterContent/Textures/T_Statue_N.uasset" 830
"C:/Users/hp/Documents/Unreal Projects/SeriousGame/Content/StarterContent/Textures/T_Statue_N.uexp" 831
"C:/Users/hp/Documents/Unreal Projects/SeriousGame/Content/StarterContent/Props/Materials/M_Statue.uasset" 832
"C:/Users/hp/Documents/Unreal Projects/SeriousGame/Content/StarterContent/Props/Materials/M_Statue.uexp" 833
"C:/Users/hp/Documents/Unreal Projects/SeriousGame/Content/StarterContent/Props/Materials/M_StatueGlass.uasset" 834
"C:/Users/hp/Documents/Unreal Projects/SeriousGame/Content/StarterContent/Props/Materials/M_StatueGlass.uexp" 835
"C:/Users/hp/Documents/Unreal Projects/SeriousGame/Content/StarterContent/Props/SM_Statue.ubulk" 836
"C:/Users/hp/Documents/Unreal Projects/SeriousGame/Content/StarterContent/Props/SM_Statue.uasset" 837
"C:/Users/hp/Documents/Unreal Projects/SeriousGame/Content/StarterContent/Props/SM_Statue.uexp" 838
"C:/Users/hp/Documents/Unreal Projects/SeriousGame/Content/UI/InGame_UI/button_image_red.uasset" 839
"C:/Users/hp/Documents/Unreal Projects/SeriousGame/Content/UI/InGame_UI/button_image_red.uexp" 840
"C:/Users/hp/Documents/Unreal Projects/SeriousGame/Content/UI/OnScreen_Info/WB_Trash_Thrown_Info.uasset" 841
"C:/Users/hp/Documents/Unreal Projects/SeriousGame/Content/UI/OnScreen_Info/WB_Trash_Thrown_Info.uexp" 842
"C:/Users/hp/Documents/Unreal Projects/SeriousGame/Content/UI/OnScreen_Info/WB_Invertory_Is_Empty.uasset" 843
"C:/Users/hp/Documents/Unreal Projects/SeriousGame/Content/UI/OnScreen_Info/WB_Invertory_Is_Empty.uexp" 844
"C:/Users/hp/Documents/Unreal Projects/SeriousGame/Content/UI/InGame_UI/WB_Throw_Button.uasset" 845
"C:/Users/hp/Documents/Unreal Projects/SeriousGame/Content/UI/InGame_UI/WB_Throw_Button.uexp" 846
"C:/Users/hp/Documents/Unreal Projects/SeriousGame/Content/StarterContent/Textures/T_Frame_M.ubulk" 847
"C:/Users/hp/Documents/Unreal Projects/SeriousGame/Content/StarterContent/Textures/T_Frame_M.uasset" 848
"C:/Users/hp/Documents/Unreal Projects/SeriousGame/Content/StarterContent/Textures/T_Frame_M.uexp" 849
"C:/Users/hp/Documents/Unreal Projects/SeriousGame/Content/StarterContent/Textures/T_Frame_N.ubulk" 850
"C:/Users/hp/Documents/Unreal Projects/SeriousGame/Content/StarterContent/Textures/T_Frame_N.uasset" 851
"C:/Users/hp/Documents/Unreal Projects/SeriousGame/Content/StarterContent/Textures/T_Frame_N.uexp" 852
"C:/Users/hp/Documents/Unreal Projects/SeriousGame/Content/StarterContent/Props/Materials/M_Frame.uasset" 853
"C:/Users/hp/Documents/Unreal Projects/SeriousGame/Content/StarterContent/Props/Materials/M_Frame.uexp" 854
"C:/Users/hp/Documents/Unreal Projects/SeriousGame/Content/StarterContent/Props/SM_CornerFrame.ubulk" 855
"C:/Users/hp/Documents/Unreal Projects/SeriousGame/Content/StarterContent/Props/SM_CornerFrame.uasset" 856
"C:/Users/hp/Documents/Unreal Projects/SeriousGame/Content/StarterContent/Props/SM_CornerFrame.uexp" 857
"C:/Users/hp/Documents/Unreal Projects/SeriousGame/Content/Trash_items/WB_Trashcan.uasset" 858
"C:/Users/hp/Documents/Unreal Projects/SeriousGame/Content/Trash_items/WB_Trashcan.uexp" 859
"C:/Users/hp/Documents/Unreal Projects/SeriousGame/Content/Megascans/3D_Plants/Field_Poppy_vmcobd0ja/S_Field_Poppy_vmcobd0ja_Var12_lod0.ubulk" 860
"C:/Users/hp/Documents/Unreal Projects/SeriousGame/Content/Megascans/3D_Plants/Field_Poppy_vmcobd0ja/S_Field_Poppy_vmcobd0ja_Var12_lod0.uasset" 861
"C:/Users/hp/Documents/Unreal Projects/SeriousGame/Content/Megascans/3D_Plants/Field_Poppy_vmcobd0ja/S_Field_Poppy_vmcobd0ja_Var12_lod0.uexp" 862
"C:/Users/hp/Documents/Unreal Projects/SeriousGame/Content/StarterContent/Textures/T_Ground_Grass_D.ubulk" 863
"C:/Users/hp/Documents/Unreal Projects/SeriousGame/Content/StarterContent/Textures/T_Ground_Grass_D.uasset" 864
"C:/Users/hp/Documents/Unreal Projects/SeriousGame/Content/StarterContent/Textures/T_Ground_Grass_D.uexp" 865
"C:/Users/hp/Documents/Unreal Projects/SeriousGame/Content/StarterContent/Textures/T_Ground_Grass_N.ubulk" 866
"C:/Users/hp/Documents/Unreal Projects/SeriousGame/Content/StarterContent/Textures/T_Ground_Grass_N.uasset" 867
"C:/Users/hp/Documents/Unreal Projects/SeriousGame/Content/StarterContent/Textures/T_Ground_Grass_N.uexp" 868
"C:/Users/hp/Documents/Unreal Projects/SeriousGame/Content/StarterContent/Textures/T_MacroVariation.uasset" 869
"C:/Users/hp/Documents/Unreal Projects/SeriousGame/Content/StarterContent/Textures/T_MacroVariation.uexp" 870
"C:/Users/hp/Documents/Unreal Projects/SeriousGame/Content/StarterContent/Materials/M_Ground_Grass.uasset" 871
"C:/Users/hp/Documents/Unreal Projects/SeriousGame/Content/StarterContent/Materials/M_Ground_Grass.uexp" 872
"C:/Users/hp/Documents/Unreal Projects/SeriousGame/Content/StarterContent/Textures/T_Bush_N.ubulk" 873
"C:/Users/hp/Documents/Unreal Projects/SeriousGame/Content/StarterContent/Textures/T_Bush_N.uasset" 874
"C:/Users/hp/Documents/Unreal Projects/SeriousGame/Content/StarterContent/Textures/T_Bush_N.uexp" 875
"C:/Users/hp/Documents/Unreal Projects/SeriousGame/Content/StarterContent/Textures/T_Bush_D.ubulk" 876
"C:/Users/hp/Documents/Unreal Projects/SeriousGame/Content/StarterContent/Textures/T_Bush_D.uasset" 877
"C:/Users/hp/Documents/Unreal Projects/SeriousGame/Content/StarterContent/Textures/T_Bush_D.uexp" 878
"C:/Users/hp/Documents/Unreal Projects/SeriousGame/Content/StarterContent/Props/Materials/M_Bush.uasset" 879
"C:/Users/hp/Documents/Unreal Projects/SeriousGame/Content/StarterContent/Props/Materials/M_Bush.uexp" 880
"C:/Users/hp/Documents/Unreal Projects/SeriousGame/Content/StarterContent/Props/SM_Bush.ubulk" 881
"C:/Users/hp/Documents/Unreal Projects/SeriousGame/Content/StarterContent/Props/SM_Bush.uasset" 882
"C:/Users/hp/Documents/Unreal Projects/SeriousGame/Content/StarterContent/Props/SM_Bush.uexp" 883
"C:/Users/hp/Documents/Unreal Projects/SeriousGame/Content/Megascans/3D_Plants/Field_Poppy_vmcobd0ja/Foliage/FT_Field_Poppy_vmcobd0ja_Var12_lod0.uasset" 884
"C:/Users/hp/Documents/Unreal Projects/SeriousGame/Content/Megascans/3D_Plants/Field_Poppy_vmcobd0ja/Foliage/FT_Field_Poppy_vmcobd0ja_Var12_lod0.uexp" 885
"../../../Engine/Content/EngineSky/M_SimpleSkyDome.uasset" 886
"../../../Engine/Content/EngineSky/M_SimpleSkyDome.uexp" 887
"C:/Users/hp/Documents/Unreal Projects/SeriousGame/Content/Megascans/3D_Plants/Field_Poppy_vmcobd0ja/S_Field_Poppy_vmcobd0ja_Var13_lod0.ubulk" 888
"C:/Users/hp/Documents/Unreal Projects/SeriousGame/Content/Megascans/3D_Plants/Field_Poppy_vmcobd0ja/S_Field_Poppy_vmcobd0ja_Var13_lod0.uasset" 889
"C:/Users/hp/Documents/Unreal Projects/SeriousGame/Content/Megascans/3D_Plants/Field_Poppy_vmcobd0ja/S_Field_Poppy_vmcobd0ja_Var13_lod0.uexp" 890
"C:/Users/hp/Documents/Unreal Projects/SeriousGame/Content/Megascans/3D_Plants/Field_Poppy_vmcobd0ja/Foliage/FT_Field_Poppy_vmcobd0ja_Var13_lod0.uasset" 891
"C:/Users/hp/Documents/Unreal Projects/SeriousGame/Content/Megascans/3D_Plants/Field_Poppy_vmcobd0ja/Foliage/FT_Field_Poppy_vmcobd0ja_Var13_lod0.uexp" 892
"C:/Users/hp/Documents/Unreal Projects/SeriousGame/Content/Trash_items/BP_TrashBottle_Spawner.uasset" 893
"C:/Users/hp/Documents/Unreal Projects/SeriousGame/Content/Trash_items/BP_TrashBottle_Spawner.uexp" 894
"C:/Users/hp/Documents/Unreal Projects/SeriousGame/Content/StarterContent/Textures/T_Chair_N.ubulk" 895
"C:/Users/hp/Documents/Unreal Projects/SeriousGame/Content/StarterContent/Textures/T_Chair_N.uasset" 896
"C:/Users/hp/Documents/Unreal Projects/SeriousGame/Content/StarterContent/Textures/T_Chair_N.uexp" 897
"C:/Users/hp/Documents/Unreal Projects/SeriousGame/Content/StarterContent/Textures/T_Chair_M.ubulk" 898
"C:/Users/hp/Documents/Unreal Projects/SeriousGame/Content/StarterContent/Textures/T_Chair_M.uasset" 899
"C:/Users/hp/Documents/Unreal Projects/SeriousGame/Content/StarterContent/Textures/T_Chair_M.uexp" 900
"C:/Users/hp/Documents/Unreal Projects/SeriousGame/Content/StarterContent/Props/Materials/M_Chair.uasset" 901
"C:/Users/hp/Documents/Unreal Projects/SeriousGame/Content/StarterContent/Props/Materials/M_Chair.uexp" 902
"C:/Users/hp/Documents/Unreal Projects/SeriousGame/Content/StarterContent/Props/SM_Couch.ubulk" 903
"C:/Users/hp/Documents/Unreal Projects/SeriousGame/Content/StarterContent/Props/SM_Couch.uasset" 904
"C:/Users/hp/Documents/Unreal Projects/SeriousGame/Content/StarterContent/Props/SM_Couch.uexp" 905
"C:/Users/hp/Documents/Unreal Projects/SeriousGame/Content/Levels/Land_Levels/Park_Level.uexp" 906
"C:/Users/hp/Documents/Unreal Projects/SeriousGame/Content/Levels/Land_Levels/Park_Level.umap" 907
